{"level":"error","timestamp":"2023-11-28T18:31:39.459Z"}
{"level":"error","timestamp":"2023-11-28T18:31:58.163Z"}
{"level":"error","timestamp":"2023-11-28T18:32:12.255Z"}
{"level":"error","timestamp":"2023-11-28T18:32:33.304Z"}
{"level":"error","timestamp":"2023-11-28T18:33:23.287Z"}
{"level":"error","timestamp":"2023-11-28T18:33:27.331Z"}
{"level":"error","timestamp":"2023-11-28T18:34:14.115Z"}
{"level":"error","timestamp":"2023-11-28T18:40:53.948Z"}
{"level":"error","timestamp":"2023-11-28T18:40:54.051Z"}
{"level":"error","timestamp":"2023-11-28T18:41:27.779Z"}
{"level":"error","timestamp":"2023-11-28T18:41:38.140Z"}
{"level":"error","timestamp":"2023-11-28T18:41:53.699Z"}
{"level":"error","timestamp":"2023-11-28T18:44:27.965Z"}
{"level":"error","timestamp":"2023-11-28T18:44:28.015Z"}
{"level":"error","timestamp":"2023-11-28T18:50:45.262Z"}
{"level":"error","timestamp":"2023-11-28T18:50:56.684Z"}
{"level":"error","timestamp":"2023-11-28T18:51:05.656Z"}
{"level":"error","timestamp":"2023-11-28T18:53:30.253Z"}
{"level":"error","timestamp":"2023-11-28T18:53:30.296Z"}
{"level":"error","timestamp":"2023-11-28T19:01:57.958Z"}
{"level":"error","timestamp":"2023-11-28T19:01:58.301Z"}
{"level":"error","timestamp":"2023-11-28T19:07:04.639Z"}
{"level":"error","timestamp":"2023-11-28T19:08:22.429Z"}
{"level":"error","timestamp":"2023-11-28T19:08:26.942Z"}
{"level":"error","timestamp":"2023-11-28T19:08:48.226Z"}
{"level":"error","timestamp":"2023-11-28T19:09:14.575Z"}
{"level":"error","timestamp":"2023-11-28T19:12:34.520Z"}
{"level":"error","timestamp":"2023-11-28T19:14:08.726Z"}
{"level":"error","timestamp":"2023-11-28T19:14:24.406Z"}
{"level":"error","timestamp":"2023-11-28T19:18:12.511Z"}
{"level":"error","timestamp":"2023-11-28T19:26:31.635Z"}
{"level":"error","timestamp":"2023-11-28T19:28:10.938Z"}
{"level":"error","timestamp":"2023-11-28T19:30:01.512Z"}
{"level":"error","timestamp":"2023-11-28T19:30:15.983Z"}
{"level":"error","timestamp":"2023-11-28T19:30:21.214Z"}
{"level":"error","message":"Cannot change password since you are a Google user!","timestamp":"2023-11-29T03:36:55.747Z"}
{"level":"error","message":"Please login/signup.","timestamp":"2023-11-29T03:40:58.858Z"}
{"level":"error","message":"Please login/signup.","timestamp":"2023-11-29T03:40:58.858Z"}
{"level":"error","message":"User already exists! Try to login.","timestamp":"2023-11-29T03:41:14.817Z"}
{"level":"error","message":"Please login/signup.","timestamp":"2023-11-29T03:46:21.440Z"}
{"level":"error","message":"Please login/signup.","timestamp":"2023-11-29T03:46:21.440Z"}
{"level":"error","timestamp":"2023-11-29T03:46:31.240Z"}
{"level":"error","timestamp":"2023-11-29T03:46:31.466Z"}
{"level":"error","timestamp":"2023-11-29T03:47:36.755Z"}
{"level":"error","timestamp":"2023-11-29T03:47:36.769Z"}
{"level":"error","timestamp":"2023-11-29T03:48:20.329Z"}
{"level":"error","timestamp":"2023-11-29T03:48:20.335Z"}
{"level":"error","message":"Wishlist of same name already exists!","timestamp":"2023-11-29T04:11:21.805Z"}
{"level":"error","message":"Please login/signup.","timestamp":"2023-11-29T04:45:07.125Z"}
{"level":"error","message":"Please login/signup.","timestamp":"2023-11-29T04:45:07.125Z"}
{"level":"error","timestamp":"2023-11-29T04:45:36.041Z"}
{"level":"error","message":"Please login/signup.","timestamp":"2023-11-29T04:48:08.035Z"}
{"level":"error","message":"Please login/signup.","timestamp":"2023-11-29T04:48:08.035Z"}
{"level":"error","timestamp":"2023-11-29T04:48:31.119Z"}
{"level":"error","timestamp":"2023-11-29T04:49:52.728Z"}
{"level":"error","timestamp":"2023-11-29T04:49:59.243Z"}
{"level":"error","timestamp":"2023-11-29T04:54:10.917Z"}
{"level":"error","timestamp":"2023-11-29T04:54:13.734Z"}
{"level":"error","timestamp":"2023-11-29T04:56:01.632Z"}
{"level":"error","timestamp":"2023-11-29T04:56:01.662Z"}
{"level":"error","timestamp":"2023-11-29T04:56:02.886Z"}
{"level":"error","timestamp":"2023-11-29T04:56:02.891Z"}
{"level":"error","timestamp":"2023-11-29T04:56:07.037Z"}
{"level":"error","timestamp":"2023-11-29T04:57:30.469Z"}
{"level":"error","timestamp":"2023-11-29T04:57:30.577Z"}
{"level":"error","timestamp":"2023-11-29T04:57:42.214Z"}
{"level":"error","timestamp":"2023-11-29T04:57:42.252Z"}
{"level":"error","timestamp":"2023-11-29T04:59:29.091Z"}
{"level":"error","timestamp":"2023-11-29T04:59:29.128Z"}
{"level":"error","timestamp":"2023-11-29T05:07:29.718Z"}
{"level":"error","timestamp":"2023-11-29T05:07:30.766Z"}
{"level":"error","timestamp":"2023-11-29T05:07:33.174Z"}
{"level":"error","timestamp":"2023-11-29T05:07:34.109Z"}
{"level":"error","timestamp":"2023-11-29T05:13:29.729Z"}
{"level":"error","timestamp":"2023-11-29T05:13:30.731Z"}
{"level":"error","timestamp":"2023-11-29T05:25:51.556Z"}
{"level":"error","timestamp":"2023-11-29T05:25:52.229Z"}
{"level":"error","timestamp":"2023-11-29T05:26:15.790Z"}
{"level":"error","timestamp":"2023-11-29T05:26:15.844Z"}
{"level":"error","timestamp":"2023-11-29T05:26:26.361Z"}
{"level":"error","timestamp":"2023-11-29T05:26:26.554Z"}
{"level":"error","timestamp":"2023-11-29T05:26:47.469Z"}
{"level":"error","timestamp":"2023-11-29T05:26:48.338Z"}
{"level":"error","timestamp":"2023-11-29T05:53:03.768Z"}
{"level":"error","timestamp":"2023-11-29T05:53:03.910Z"}
{"level":"error","timestamp":"2023-11-29T05:53:12.923Z"}
{"level":"error","timestamp":"2023-11-29T05:53:13.086Z"}
{"level":"error","timestamp":"2023-11-29T05:53:13.871Z"}
{"level":"error","timestamp":"2023-11-29T05:53:14.954Z"}
{"level":"error","timestamp":"2023-11-29T05:54:12.492Z"}
{"level":"error","timestamp":"2023-11-29T05:54:12.497Z"}
{"level":"error","timestamp":"2023-11-29T05:54:48.188Z"}
{"level":"error","timestamp":"2023-11-29T05:54:48.341Z"}
{"level":"error","timestamp":"2023-11-29T05:54:59.386Z"}
{"level":"error","timestamp":"2023-11-29T05:54:59.576Z"}
{"level":"error","timestamp":"2023-11-29T05:55:12.518Z"}
{"level":"error","timestamp":"2023-11-29T05:55:25.222Z"}
{"level":"error","timestamp":"2023-11-29T05:55:34.010Z"}
{"level":"error","timestamp":"2023-11-29T05:56:36.031Z"}
{"level":"error","timestamp":"2023-11-29T05:56:56.071Z"}
{"level":"error","timestamp":"2023-11-29T05:56:56.373Z"}
{"level":"error","timestamp":"2023-11-29T05:57:25.432Z"}
{"level":"error","timestamp":"2023-11-29T05:57:26.151Z"}
{"level":"error","timestamp":"2023-11-29T05:57:45.393Z"}
{"level":"error","timestamp":"2023-11-29T05:57:46.104Z"}
{"level":"error","timestamp":"2023-11-29T05:57:50.719Z"}
{"level":"error","timestamp":"2023-11-29T06:00:58.737Z"}
{"level":"error","timestamp":"2023-11-29T06:01:01.863Z"}
{"level":"error","timestamp":"2023-11-29T06:01:15.726Z"}
{"level":"error","timestamp":"2023-11-29T06:01:16.712Z"}
{"level":"error","timestamp":"2023-11-29T06:01:18.056Z"}
{"level":"error","timestamp":"2023-11-29T06:01:30.617Z"}
{"level":"error","timestamp":"2023-11-29T06:02:02.917Z"}
{"level":"error","timestamp":"2023-11-29T06:02:25.431Z"}
{"level":"error","timestamp":"2023-11-29T06:02:48.557Z"}
{"level":"error","timestamp":"2023-11-29T06:02:55.063Z"}
{"level":"error","timestamp":"2023-11-29T06:03:02.154Z"}
{"level":"error","timestamp":"2023-11-29T06:03:22.835Z"}
{"level":"error","timestamp":"2023-11-29T06:03:23.366Z"}
{"level":"error","timestamp":"2023-11-29T06:05:25.376Z"}
{"level":"error","timestamp":"2023-11-29T06:05:32.458Z"}
{"level":"error","timestamp":"2023-11-29T06:07:53.816Z"}
{"level":"error","timestamp":"2023-11-29T06:07:54.050Z"}
{"level":"error","timestamp":"2023-11-29T06:08:00.576Z"}
{"level":"error","timestamp":"2023-11-29T06:09:12.082Z"}
{"level":"error","timestamp":"2023-11-29T06:09:12.093Z"}
{"level":"error","timestamp":"2023-11-29T06:09:19.611Z"}
{"level":"error","timestamp":"2023-11-29T06:09:27.482Z"}
{"level":"error","timestamp":"2023-11-29T06:10:01.033Z"}
{"level":"error","timestamp":"2023-11-29T06:10:01.668Z"}
{"level":"error","timestamp":"2023-11-29T06:10:06.619Z"}
{"level":"error","timestamp":"2023-11-29T06:10:57.013Z"}
{"level":"error","timestamp":"2023-11-29T06:10:57.035Z"}
{"level":"error","timestamp":"2023-11-29T06:11:02.398Z"}
{"level":"error","timestamp":"2023-11-29T06:11:26.301Z"}
{"level":"error","timestamp":"2023-11-29T06:11:26.765Z"}
{"level":"error","timestamp":"2023-11-29T06:11:27.864Z"}
{"level":"error","timestamp":"2023-11-29T06:14:36.211Z"}
{"level":"error","timestamp":"2023-11-29T06:14:36.737Z"}
{"level":"error","timestamp":"2023-11-29T06:14:42.116Z"}
{"level":"error","timestamp":"2023-11-29T06:14:52.221Z"}
{"level":"error","timestamp":"2023-11-29T06:14:54.216Z"}
{"level":"error","timestamp":"2023-11-29T06:15:07.236Z"}
{"level":"error","timestamp":"2023-11-29T06:15:17.355Z"}
{"level":"error","timestamp":"2023-11-29T06:15:28.041Z"}
{"level":"error","timestamp":"2023-11-29T06:15:29.606Z"}
{"level":"error","timestamp":"2023-11-29T06:15:45.289Z"}
{"level":"error","timestamp":"2023-11-29T06:15:50.058Z"}
{"level":"error","timestamp":"2023-11-29T06:15:55.837Z"}
{"level":"error","timestamp":"2023-11-29T06:16:16.901Z"}
{"level":"error","timestamp":"2023-11-29T06:16:29.162Z"}
{"level":"error","timestamp":"2023-11-29T06:16:34.702Z"}
{"level":"error","timestamp":"2023-11-29T06:25:34.889Z"}
{"level":"error","timestamp":"2023-11-29T06:25:40.127Z"}
{"level":"error","timestamp":"2023-11-29T06:27:14.852Z"}
{"level":"error","timestamp":"2023-11-29T06:27:15.378Z"}
{"level":"error","timestamp":"2023-11-29T06:31:38.118Z"}
{"level":"error","timestamp":"2023-11-29T06:37:07.698Z"}
{"level":"error","timestamp":"2023-11-29T06:38:56.335Z"}
{"level":"error","timestamp":"2023-11-29T06:39:00.694Z"}
{"level":"error","timestamp":"2023-11-29T06:40:35.638Z"}
{"level":"error","timestamp":"2023-11-29T06:40:56.839Z"}
{"level":"error","timestamp":"2023-11-29T06:41:16.488Z"}
{"level":"error","timestamp":"2023-11-29T06:41:40.880Z"}
{"level":"error","timestamp":"2023-11-29T06:42:10.958Z"}
{"level":"error","timestamp":"2023-11-29T06:42:20.747Z"}
{"level":"error","timestamp":"2023-11-29T06:42:42.333Z"}
{"level":"error","timestamp":"2023-11-29T06:42:45.704Z"}
{"level":"error","timestamp":"2023-11-29T06:43:29.465Z"}
{"level":"error","timestamp":"2023-11-29T06:43:53.860Z"}
{"level":"error","timestamp":"2023-11-29T06:44:08.723Z"}
{"level":"error","timestamp":"2023-11-29T06:48:34.978Z"}
{"level":"error","timestamp":"2023-11-29T06:53:28.371Z"}
{"level":"error","timestamp":"2023-11-29T06:53:29.629Z"}
{"level":"error","timestamp":"2023-11-29T06:55:28.946Z"}
{"level":"error","timestamp":"2023-11-29T06:56:31.914Z"}
{"level":"error","timestamp":"2023-11-29T06:57:41.066Z"}
{"level":"error","timestamp":"2023-11-29T06:59:10.800Z"}
{"level":"error","timestamp":"2023-11-29T06:59:54.813Z"}
{"level":"error","timestamp":"2023-11-29T07:00:06.448Z"}
{"level":"error","timestamp":"2023-11-29T07:00:16.681Z"}
{"level":"error","timestamp":"2023-11-29T07:01:05.859Z"}
{"level":"error","timestamp":"2023-11-29T07:02:56.507Z"}
{"level":"error","timestamp":"2023-11-29T07:02:57.055Z"}
{"level":"error","timestamp":"2023-11-29T07:03:20.342Z"}
{"level":"error","timestamp":"2023-11-29T07:03:54.496Z"}
{"level":"error","timestamp":"2023-11-29T07:05:39.752Z"}
{"level":"error","timestamp":"2023-11-29T07:05:59.371Z"}
{"level":"error","timestamp":"2023-11-29T07:06:19.002Z"}
{"level":"error","timestamp":"2023-11-29T07:06:46.749Z"}
{"level":"error","timestamp":"2023-11-29T07:07:10.237Z"}
{"level":"error","timestamp":"2023-11-29T07:12:13.126Z"}
{"level":"error","timestamp":"2023-11-29T07:12:28.789Z"}
{"level":"error","timestamp":"2023-11-29T07:12:54.931Z"}
{"level":"error","timestamp":"2023-11-29T07:13:51.388Z"}
{"level":"error","timestamp":"2023-11-29T07:15:55.513Z"}
{"level":"error","timestamp":"2023-11-29T07:16:41.199Z"}
{"level":"error","timestamp":"2023-11-29T07:17:23.377Z"}
{"level":"error","timestamp":"2023-11-29T07:18:00.342Z"}
{"level":"error","timestamp":"2023-11-29T07:19:33.197Z"}
{"level":"error","timestamp":"2023-11-29T07:19:42.450Z"}
{"level":"error","timestamp":"2023-11-29T07:19:45.029Z"}
{"level":"error","timestamp":"2023-11-29T07:19:45.071Z"}
{"level":"error","timestamp":"2023-11-29T07:19:46.060Z"}
{"level":"error","timestamp":"2023-11-29T07:19:46.174Z"}
{"level":"error","timestamp":"2023-11-29T07:19:46.259Z"}
{"level":"error","timestamp":"2023-11-29T07:19:46.260Z"}
{"level":"error","timestamp":"2023-11-29T07:19:46.285Z"}
{"level":"error","timestamp":"2023-11-29T07:19:47.226Z"}
{"level":"error","timestamp":"2023-11-29T07:19:52.472Z"}
{"level":"error","timestamp":"2023-11-29T07:20:09.695Z"}
{"level":"error","timestamp":"2023-11-29T07:20:12.196Z"}
{"level":"error","timestamp":"2023-11-29T07:20:12.438Z"}
{"level":"error","timestamp":"2023-11-29T07:20:12.773Z"}
{"level":"error","timestamp":"2023-11-29T07:21:06.189Z"}
{"level":"error","timestamp":"2023-11-29T07:26:12.112Z"}
{"level":"error","timestamp":"2023-11-29T07:30:06.551Z"}
{"level":"error","timestamp":"2023-11-29T07:30:21.823Z"}
{"level":"error","timestamp":"2023-11-29T07:31:22.972Z"}
{"level":"error","timestamp":"2023-11-29T07:31:26.912Z"}
{"level":"error","timestamp":"2023-11-29T07:31:52.919Z"}
{"level":"error","timestamp":"2023-11-29T07:44:18.005Z"}
{"level":"error","timestamp":"2023-11-29T07:45:57.556Z"}
{"level":"error","timestamp":"2023-11-29T07:46:59.438Z"}
{"level":"error","timestamp":"2023-11-29T07:47:38.274Z"}
{"level":"error","timestamp":"2023-11-29T07:49:10.913Z"}
{"level":"error","timestamp":"2023-11-29T07:49:37.135Z"}
{"level":"error","timestamp":"2023-11-29T07:50:15.143Z"}
{"level":"error","timestamp":"2023-11-29T07:53:14.615Z"}
{"level":"error","timestamp":"2023-11-29T07:54:38.344Z"}
{"level":"error","timestamp":"2023-11-29T07:57:12.038Z"}
{"level":"error","timestamp":"2023-11-29T07:58:27.814Z"}
{"level":"error","timestamp":"2023-11-29T08:00:46.117Z"}
{"level":"error","timestamp":"2023-11-29T08:03:19.266Z"}
{"level":"error","timestamp":"2023-11-29T08:08:48.450Z"}
{"level":"error","timestamp":"2023-11-29T08:08:59.196Z"}
{"level":"error","timestamp":"2023-11-29T08:09:24.915Z"}
{"level":"error","timestamp":"2023-11-29T08:10:06.730Z"}
{"level":"error","timestamp":"2023-11-29T08:10:09.542Z"}
{"level":"error","timestamp":"2023-11-29T08:10:13.578Z"}
{"level":"error","timestamp":"2023-11-29T08:10:30.559Z"}
{"level":"error","timestamp":"2023-11-29T08:10:32.662Z"}
{"level":"error","timestamp":"2023-11-29T08:10:43.015Z"}
{"level":"error","timestamp":"2023-11-29T08:10:50.145Z"}
{"level":"error","timestamp":"2023-11-29T08:11:12.827Z"}
{"level":"error","timestamp":"2023-11-29T08:11:49.598Z"}
{"level":"error","timestamp":"2023-11-29T08:16:48.708Z"}
{"level":"error","timestamp":"2023-11-29T08:16:59.168Z"}
{"level":"error","timestamp":"2023-11-29T08:17:15.072Z"}
{"level":"error","timestamp":"2023-11-29T08:17:22.232Z"}
{"level":"error","timestamp":"2023-11-29T08:17:31.676Z"}
{"level":"error","timestamp":"2023-11-29T08:18:05.710Z"}
{"level":"error","timestamp":"2023-11-29T08:18:33.498Z"}
{"level":"error","timestamp":"2023-11-29T08:18:36.225Z"}
{"level":"error","timestamp":"2023-11-29T08:19:14.753Z"}
{"level":"error","timestamp":"2023-11-29T08:19:17.499Z"}
{"level":"error","timestamp":"2023-11-29T08:21:04.765Z"}
{"level":"error","timestamp":"2023-11-29T08:21:12.411Z"}
{"level":"error","timestamp":"2023-11-29T08:21:23.762Z"}
{"level":"error","timestamp":"2023-11-29T08:21:25.903Z"}
{"level":"error","timestamp":"2023-11-29T08:21:42.834Z"}
{"level":"error","timestamp":"2023-11-29T08:21:46.893Z"}
{"level":"error","timestamp":"2023-11-29T08:21:52.613Z"}
{"level":"error","timestamp":"2023-11-29T08:22:19.510Z"}
{"level":"error","timestamp":"2023-11-29T08:22:22.925Z"}
{"level":"error","timestamp":"2023-11-29T08:23:03.429Z"}
{"level":"error","timestamp":"2023-11-29T08:23:26.998Z"}
{"level":"error","timestamp":"2023-11-29T08:23:31.886Z"}
{"level":"error","timestamp":"2023-11-29T08:23:38.946Z"}
{"level":"error","timestamp":"2023-11-29T08:23:48.537Z"}
{"level":"error","timestamp":"2023-11-29T08:23:53.152Z"}
{"level":"error","timestamp":"2023-11-29T08:23:56.964Z"}
{"level":"error","timestamp":"2023-11-29T08:24:18.038Z"}
{"level":"error","timestamp":"2023-11-29T08:24:22.288Z"}
{"level":"error","timestamp":"2023-11-29T08:24:28.183Z"}
{"level":"error","timestamp":"2023-11-29T08:24:36.940Z"}
{"level":"error","timestamp":"2023-11-29T08:24:39.540Z"}
{"level":"error","timestamp":"2023-11-29T08:24:54.083Z"}
{"level":"error","timestamp":"2023-11-29T08:24:59.405Z"}
{"level":"error","timestamp":"2023-11-29T08:26:18.369Z"}
{"level":"error","timestamp":"2023-11-29T08:26:24.541Z"}
{"level":"error","timestamp":"2023-11-29T08:26:38.593Z"}
{"level":"error","timestamp":"2023-11-29T08:29:28.282Z"}
{"level":"error","timestamp":"2023-11-29T08:30:20.156Z"}
{"level":"error","timestamp":"2023-11-29T08:30:30.505Z"}
{"level":"error","timestamp":"2023-11-29T08:31:18.812Z"}
{"level":"error","timestamp":"2023-11-29T08:31:23.859Z"}
{"level":"error","timestamp":"2023-11-29T08:31:25.149Z"}
{"level":"error","timestamp":"2023-11-29T08:31:31.699Z"}
{"level":"error","timestamp":"2023-11-29T08:31:49.190Z"}
{"level":"error","timestamp":"2023-11-29T08:32:44.091Z"}
{"level":"error","timestamp":"2023-11-29T08:32:46.915Z"}
{"level":"error","timestamp":"2023-11-29T08:32:53.572Z"}
{"level":"error","timestamp":"2023-11-29T08:32:57.237Z"}
{"level":"error","timestamp":"2023-11-29T08:33:03.069Z"}
{"level":"error","timestamp":"2023-11-29T08:33:05.093Z"}
{"level":"error","timestamp":"2023-11-29T08:33:07.168Z"}
{"level":"error","timestamp":"2023-11-29T08:33:09.774Z"}
{"level":"error","timestamp":"2023-11-29T08:33:30.920Z"}
{"level":"error","timestamp":"2023-11-29T08:33:32.995Z"}
{"level":"error","timestamp":"2023-11-29T08:33:36.845Z"}
{"level":"error","timestamp":"2023-11-29T08:34:02.037Z"}
{"level":"error","timestamp":"2023-11-29T08:34:03.950Z"}
{"level":"error","timestamp":"2023-11-29T08:34:32.566Z"}
{"level":"error","timestamp":"2023-11-29T08:34:48.640Z"}
{"level":"error","timestamp":"2023-11-29T08:34:54.546Z"}
{"level":"error","timestamp":"2023-11-29T08:34:57.435Z"}
{"level":"error","timestamp":"2023-11-29T08:35:01.435Z"}
{"level":"error","timestamp":"2023-11-29T08:35:41.800Z"}
{"level":"error","timestamp":"2023-11-29T08:35:45.669Z"}
{"level":"error","timestamp":"2023-11-29T08:37:00.906Z"}
{"level":"error","timestamp":"2023-11-29T08:37:00.962Z"}
{"level":"error","timestamp":"2023-11-29T08:37:07.193Z"}
{"level":"error","timestamp":"2023-11-29T08:37:17.155Z"}
{"level":"error","timestamp":"2023-11-29T08:37:17.205Z"}
{"level":"error","timestamp":"2023-11-29T08:37:23.524Z"}
{"level":"error","timestamp":"2023-11-29T08:40:09.381Z"}
{"level":"error","timestamp":"2023-11-29T08:40:09.447Z"}
{"level":"error","timestamp":"2023-11-29T08:40:12.383Z"}
{"level":"error","timestamp":"2023-11-29T08:40:12.399Z"}
{"level":"error","timestamp":"2023-11-29T08:40:13.624Z"}
{"level":"error","timestamp":"2023-11-29T08:40:14.407Z"}
{"level":"error","timestamp":"2023-11-29T08:40:15.663Z"}
{"level":"error","timestamp":"2023-11-29T08:40:15.788Z"}
{"level":"error","timestamp":"2023-11-29T08:40:16.815Z"}
{"level":"error","timestamp":"2023-11-29T08:40:17.436Z"}
{"level":"error","timestamp":"2023-11-29T08:40:19.387Z"}
{"level":"error","timestamp":"2023-11-29T08:40:19.597Z"}
{"level":"error","timestamp":"2023-11-29T08:40:24.040Z"}
{"level":"error","timestamp":"2023-11-29T08:40:24.172Z"}
{"level":"error","timestamp":"2023-11-29T08:44:09.680Z"}
{"level":"error","timestamp":"2023-11-29T08:44:09.721Z"}
{"level":"error","timestamp":"2023-11-29T08:44:13.278Z"}
{"level":"error","timestamp":"2023-11-29T08:44:14.811Z"}
{"level":"error","timestamp":"2023-11-29T08:44:57.491Z"}
{"level":"error","timestamp":"2023-11-29T08:44:57.718Z"}
{"level":"error","timestamp":"2023-11-29T08:45:05.590Z"}
{"level":"error","timestamp":"2023-11-29T08:45:05.612Z"}
{"level":"error","timestamp":"2023-11-29T08:45:20.527Z"}
{"level":"error","timestamp":"2023-11-29T08:45:21.283Z"}
{"level":"error","timestamp":"2023-11-29T08:45:23.559Z"}
{"level":"error","timestamp":"2023-11-29T08:45:24.298Z"}
{"level":"error","timestamp":"2023-11-29T08:46:30.712Z"}
{"level":"error","timestamp":"2023-11-29T08:46:31.377Z"}
{"level":"error","timestamp":"2023-11-29T08:46:32.566Z"}
{"level":"error","timestamp":"2023-11-29T08:46:32.743Z"}
{"level":"error","timestamp":"2023-11-29T08:46:34.882Z"}
{"level":"error","timestamp":"2023-11-29T08:46:35.535Z"}
{"level":"error","timestamp":"2023-11-29T08:46:38.218Z"}
{"level":"error","timestamp":"2023-11-29T08:46:38.847Z"}
{"level":"error","timestamp":"2023-11-29T08:46:41.625Z"}
{"level":"error","timestamp":"2023-11-29T08:46:42.246Z"}
{"level":"error","timestamp":"2023-11-29T08:46:44.257Z"}
{"level":"error","timestamp":"2023-11-29T08:46:45.182Z"}
{"level":"error","timestamp":"2023-11-29T08:46:48.802Z"}
{"level":"error","timestamp":"2023-11-29T08:46:49.494Z"}
{"level":"error","timestamp":"2023-11-29T08:47:37.641Z"}
{"level":"error","timestamp":"2023-11-29T08:47:37.729Z"}
{"level":"error","timestamp":"2023-11-29T08:47:39.810Z"}
{"level":"error","timestamp":"2023-11-29T08:47:39.860Z"}
{"level":"error","timestamp":"2023-11-29T08:47:54.507Z"}
{"level":"error","timestamp":"2023-11-29T08:47:55.566Z"}
{"level":"error","timestamp":"2023-11-29T08:47:56.615Z"}
{"level":"error","timestamp":"2023-11-29T08:47:57.630Z"}
{"level":"error","timestamp":"2023-11-29T08:48:00.789Z"}
{"level":"error","timestamp":"2023-11-29T08:48:01.652Z"}
{"level":"error","timestamp":"2023-11-29T08:48:05.292Z"}
{"level":"error","timestamp":"2023-11-29T08:48:05.923Z"}
{"level":"error","timestamp":"2023-11-29T08:48:48.898Z"}
{"level":"error","timestamp":"2023-11-29T08:48:49.517Z"}
{"level":"error","timestamp":"2023-11-29T08:48:57.802Z"}
{"level":"error","timestamp":"2023-11-29T08:48:58.454Z"}
{"level":"error","timestamp":"2023-11-29T08:49:43.607Z"}
{"level":"error","timestamp":"2023-11-29T08:49:43.733Z"}
{"level":"error","timestamp":"2023-11-29T08:49:47.353Z"}
{"level":"error","timestamp":"2023-11-29T08:49:47.437Z"}
{"level":"error","timestamp":"2023-11-29T08:53:29.257Z"}
{"level":"error","timestamp":"2023-11-29T08:53:45.846Z"}
{"level":"error","timestamp":"2023-11-29T08:54:07.507Z"}
{"level":"error","timestamp":"2023-11-29T08:54:08.118Z"}
{"level":"error","timestamp":"2023-11-29T08:54:10.151Z"}
{"level":"error","timestamp":"2023-11-29T08:54:10.285Z"}
{"level":"error","timestamp":"2023-11-29T08:54:42.363Z"}
{"level":"error","timestamp":"2023-11-29T08:54:42.626Z"}
{"level":"error","timestamp":"2023-11-29T08:54:45.565Z"}
{"level":"error","timestamp":"2023-11-29T08:54:45.684Z"}
{"level":"error","timestamp":"2023-11-29T08:55:16.781Z"}
{"level":"error","timestamp":"2023-11-29T08:55:16.787Z"}
{"level":"error","timestamp":"2023-11-29T08:55:18.727Z"}
{"level":"error","timestamp":"2023-11-29T08:55:19.772Z"}
{"level":"error","timestamp":"2023-11-29T08:55:21.251Z"}
{"level":"error","timestamp":"2023-11-29T08:55:21.953Z"}
{"level":"error","timestamp":"2023-11-29T08:55:24.164Z"}
{"level":"error","timestamp":"2023-11-29T08:55:24.784Z"}
{"level":"error","timestamp":"2023-11-29T08:55:27.369Z"}
{"level":"error","timestamp":"2023-11-29T08:55:27.819Z"}
{"level":"error","timestamp":"2023-11-29T08:55:31.103Z"}
{"level":"error","timestamp":"2023-11-29T08:55:31.820Z"}
{"level":"error","timestamp":"2023-11-29T08:55:35.032Z"}
{"level":"error","timestamp":"2023-11-29T08:55:35.887Z"}
{"level":"error","timestamp":"2023-11-29T08:55:41.089Z"}
{"level":"error","timestamp":"2023-11-29T08:55:41.093Z"}
{"level":"error","timestamp":"2023-11-29T08:55:43.160Z"}
{"level":"error","timestamp":"2023-11-29T08:55:43.285Z"}
{"level":"error","timestamp":"2023-11-29T08:55:46.099Z"}
{"level":"error","timestamp":"2023-11-29T08:55:46.186Z"}
{"level":"error","timestamp":"2023-11-29T08:55:48.084Z"}
{"level":"error","timestamp":"2023-11-29T08:55:48.243Z"}
{"level":"error","timestamp":"2023-11-29T08:56:15.610Z"}
{"level":"error","timestamp":"2023-11-29T08:56:16.306Z"}
{"level":"error","timestamp":"2023-11-29T08:56:24.207Z"}
{"level":"error","timestamp":"2023-11-29T08:56:25.114Z"}
{"level":"error","timestamp":"2023-11-29T08:56:27.168Z"}
{"level":"error","timestamp":"2023-11-29T08:56:28.100Z"}
{"level":"error","timestamp":"2023-11-29T08:56:28.375Z"}
{"level":"error","timestamp":"2023-11-29T08:56:29.108Z"}
{"level":"error","timestamp":"2023-11-29T08:56:36.097Z"}
{"level":"error","timestamp":"2023-11-29T08:56:36.774Z"}
{"level":"error","timestamp":"2023-11-29T08:56:41.059Z"}
{"level":"error","timestamp":"2023-11-29T08:56:41.261Z"}
{"level":"error","timestamp":"2023-11-29T08:56:43.958Z"}
{"level":"error","timestamp":"2023-11-29T08:56:44.062Z"}
{"level":"error","timestamp":"2023-11-29T08:56:49.140Z"}
{"level":"error","timestamp":"2023-11-29T08:56:49.216Z"}
{"level":"error","timestamp":"2023-11-29T08:57:20.395Z"}
{"level":"error","timestamp":"2023-11-29T08:57:38.897Z"}
{"level":"error","timestamp":"2023-11-29T08:59:54.702Z"}
{"level":"error","timestamp":"2023-11-29T08:59:54.813Z"}
{"level":"error","timestamp":"2023-11-29T08:59:57.272Z"}
{"level":"error","timestamp":"2023-11-29T08:59:58.120Z"}
{"level":"error","timestamp":"2023-11-29T09:00:05.506Z"}
{"level":"error","timestamp":"2023-11-29T09:00:21.171Z"}
{"level":"error","timestamp":"2023-11-29T09:00:21.721Z"}
{"level":"error","timestamp":"2023-11-29T09:00:22.719Z"}
{"level":"error","timestamp":"2023-11-29T09:00:22.762Z"}
{"level":"error","timestamp":"2023-11-29T09:00:36.140Z"}
{"level":"error","timestamp":"2023-11-29T09:00:36.788Z"}
{"level":"error","timestamp":"2023-11-29T09:00:42.421Z"}
{"level":"error","timestamp":"2023-11-29T09:00:42.423Z"}
{"level":"error","timestamp":"2023-11-29T09:00:53.219Z"}
{"level":"error","timestamp":"2023-11-29T09:00:57.985Z"}
{"level":"error","timestamp":"2023-11-29T09:00:57.986Z"}
{"level":"error","timestamp":"2023-11-29T09:00:58.902Z"}
{"level":"error","timestamp":"2023-11-29T09:00:58.957Z"}
{"level":"error","timestamp":"2023-11-29T09:01:08.338Z"}
{"level":"error","timestamp":"2023-11-29T09:01:08.344Z"}
{"level":"error","timestamp":"2023-11-29T09:01:51.023Z"}
{"level":"error","timestamp":"2023-11-29T09:01:51.678Z"}
{"level":"error","timestamp":"2023-11-29T09:01:57.107Z"}
{"level":"error","timestamp":"2023-11-29T09:01:57.164Z"}
{"level":"error","timestamp":"2023-11-29T09:01:59.760Z"}
{"level":"error","timestamp":"2023-11-29T09:01:59.761Z"}
{"level":"error","timestamp":"2023-11-29T09:02:03.742Z"}
{"level":"error","timestamp":"2023-11-29T09:02:03.791Z"}
{"level":"error","timestamp":"2023-11-29T09:02:06.441Z"}
{"level":"error","timestamp":"2023-11-29T09:02:08.614Z"}
{"level":"error","timestamp":"2023-11-29T09:02:09.686Z"}
{"level":"error","timestamp":"2023-11-29T09:02:10.282Z"}
{"level":"error","timestamp":"2023-11-29T09:02:14.963Z"}
{"level":"error","timestamp":"2023-11-29T09:02:20.358Z"}
{"level":"error","timestamp":"2023-11-29T09:02:22.298Z"}
{"level":"error","timestamp":"2023-11-29T09:03:29.147Z"}
{"level":"error","timestamp":"2023-11-29T09:03:29.715Z"}
{"level":"error","timestamp":"2023-11-29T09:03:32.387Z"}
{"level":"error","timestamp":"2023-11-29T09:03:33.317Z"}
{"level":"error","timestamp":"2023-11-29T09:03:36.046Z"}
{"level":"error","timestamp":"2023-11-29T09:03:37.599Z"}
{"level":"error","timestamp":"2023-11-29T09:03:38.841Z"}
{"level":"error","timestamp":"2023-11-29T09:03:39.608Z"}
{"level":"error","timestamp":"2023-11-29T09:03:45.557Z"}
{"level":"error","timestamp":"2023-11-29T09:03:46.222Z"}
{"level":"error","timestamp":"2023-11-29T09:03:51.695Z"}
{"level":"error","timestamp":"2023-11-29T09:03:51.761Z"}
{"level":"error","timestamp":"2023-11-29T09:03:53.698Z"}
{"level":"error","timestamp":"2023-11-29T09:03:54.859Z"}
{"level":"error","timestamp":"2023-11-29T09:04:01.674Z"}
{"level":"error","timestamp":"2023-11-29T09:04:03.155Z"}
{"level":"error","timestamp":"2023-11-29T09:04:04.410Z"}
{"level":"error","timestamp":"2023-11-29T09:04:05.156Z"}
{"level":"error","timestamp":"2023-11-29T09:04:09.480Z"}
{"level":"error","timestamp":"2023-11-29T09:04:10.023Z"}
{"level":"error","timestamp":"2023-11-29T09:04:12.320Z"}
{"level":"error","timestamp":"2023-11-29T09:04:13.018Z"}
{"level":"error","timestamp":"2023-11-29T09:04:26.483Z"}
{"level":"error","timestamp":"2023-11-29T09:04:26.548Z"}
{"level":"error","timestamp":"2023-11-29T09:04:59.782Z"}
{"level":"error","timestamp":"2023-11-29T09:04:59.885Z"}
{"level":"error","timestamp":"2023-11-29T10:01:40.615Z"}
{"level":"error","timestamp":"2023-11-29T10:27:24.017Z"}
{"level":"error","timestamp":"2023-11-29T10:27:26.141Z"}
{"level":"error","timestamp":"2023-11-29T10:27:26.722Z"}
{"level":"error","timestamp":"2023-11-29T10:28:26.911Z"}
{"level":"error","timestamp":"2023-11-29T10:31:41.736Z"}
{"level":"error","timestamp":"2023-11-29T10:31:41.768Z"}
{"level":"error","timestamp":"2023-11-29T10:31:48.470Z"}
{"level":"error","timestamp":"2023-11-29T10:31:48.576Z"}
{"level":"error","timestamp":"2023-11-29T10:34:56.971Z"}
{"level":"error","timestamp":"2023-11-29T10:34:59.010Z"}
{"level":"error","timestamp":"2023-11-29T10:35:00.351Z"}
{"level":"error","timestamp":"2023-11-29T10:55:20.603Z"}
{"level":"error","timestamp":"2023-11-29T10:56:11.002Z"}
{"level":"error","timestamp":"2023-11-29T10:56:11.012Z"}
{"level":"error","timestamp":"2023-11-29T10:56:11.048Z"}
{"level":"error","timestamp":"2023-11-29T10:57:14.079Z"}
{"level":"error","timestamp":"2023-11-29T10:59:12.764Z"}
{"level":"error","timestamp":"2023-11-29T10:59:12.807Z"}
{"level":"error","timestamp":"2023-11-29T10:59:12.855Z"}
{"level":"error","timestamp":"2023-11-29T11:01:00.617Z"}
{"level":"error","timestamp":"2023-11-29T11:01:00.658Z"}
{"level":"error","timestamp":"2023-11-29T11:01:00.678Z"}
{"level":"error","timestamp":"2023-11-29T11:01:06.939Z"}
{"level":"error","timestamp":"2023-11-29T11:01:06.952Z"}
{"level":"error","timestamp":"2023-11-29T11:01:06.960Z"}
{"level":"error","timestamp":"2023-11-29T11:01:49.110Z"}
{"level":"error","timestamp":"2023-11-29T11:01:49.125Z"}
{"level":"error","timestamp":"2023-11-29T11:01:49.131Z"}
{"level":"error","timestamp":"2023-11-29T11:03:57.921Z"}
{"level":"error","timestamp":"2023-11-29T11:03:57.946Z"}
{"level":"error","timestamp":"2023-11-29T11:03:57.956Z"}
{"level":"error","timestamp":"2023-11-29T11:05:51.680Z"}
{"level":"error","timestamp":"2023-11-29T11:05:51.693Z"}
{"level":"error","timestamp":"2023-11-29T11:05:51.713Z"}
{"level":"error","timestamp":"2023-11-29T11:09:42.792Z"}
{"level":"error","timestamp":"2023-11-29T11:09:42.833Z"}
{"level":"error","timestamp":"2023-11-29T11:09:42.837Z"}
{"level":"error","timestamp":"2023-11-29T11:10:14.412Z"}
{"level":"error","timestamp":"2023-11-29T11:10:14.477Z"}
{"level":"error","timestamp":"2023-11-29T11:10:14.532Z"}
{"level":"error","timestamp":"2023-11-29T11:11:47.716Z"}
{"level":"error","timestamp":"2023-11-29T11:11:47.726Z"}
{"level":"error","timestamp":"2023-11-29T11:11:47.770Z"}
{"level":"error","timestamp":"2023-11-29T11:12:23.998Z"}
{"level":"error","timestamp":"2023-11-29T11:12:24.062Z"}
{"level":"error","timestamp":"2023-11-29T11:12:24.065Z"}
{"level":"error","timestamp":"2023-11-29T11:12:35.582Z"}
{"level":"error","timestamp":"2023-11-29T11:12:35.617Z"}
{"level":"error","timestamp":"2023-11-29T11:12:35.642Z"}
{"level":"error","timestamp":"2023-11-29T11:13:00.436Z"}
{"level":"error","timestamp":"2023-11-29T11:13:00.472Z"}
{"level":"error","timestamp":"2023-11-29T11:13:00.515Z"}
{"level":"error","timestamp":"2023-11-29T11:13:14.064Z"}
{"level":"error","timestamp":"2023-11-29T11:13:14.101Z"}
{"level":"error","timestamp":"2023-11-29T11:13:14.109Z"}
{"level":"error","timestamp":"2023-11-29T11:13:46.878Z"}
{"level":"error","timestamp":"2023-11-29T11:13:46.890Z"}
{"level":"error","timestamp":"2023-11-29T11:13:46.907Z"}
{"level":"error","timestamp":"2023-11-29T11:14:28.733Z"}
{"level":"error","timestamp":"2023-11-29T11:14:28.740Z"}
{"level":"error","timestamp":"2023-11-29T11:14:28.746Z"}
{"level":"error","timestamp":"2023-11-29T11:17:45.860Z"}
{"level":"error","timestamp":"2023-11-29T11:17:45.888Z"}
{"level":"error","timestamp":"2023-11-29T11:17:45.892Z"}
{"level":"error","timestamp":"2023-11-30T03:17:07.810Z"}
{"level":"error","timestamp":"2023-11-30T03:17:29.715Z"}
{"level":"error","timestamp":"2023-11-30T03:18:21.638Z"}
{"level":"error","timestamp":"2023-11-30T03:20:43.040Z"}
{"level":"error","timestamp":"2023-11-30T03:26:02.870Z"}
{"level":"error","timestamp":"2023-11-30T03:26:02.958Z"}
{"level":"error","timestamp":"2023-11-30T03:26:04.910Z"}
{"level":"error","timestamp":"2023-11-30T03:26:04.914Z"}
{"level":"error","timestamp":"2023-11-30T03:26:04.997Z"}
{"level":"error","timestamp":"2023-11-30T03:34:12.282Z"}
{"level":"error","timestamp":"2023-11-30T03:34:12.319Z"}
{"level":"error","timestamp":"2023-11-30T03:34:12.760Z"}
{"level":"error","timestamp":"2023-11-30T03:36:04.791Z"}
{"level":"error","timestamp":"2023-11-30T03:36:04.844Z"}
{"level":"error","timestamp":"2023-11-30T03:36:19.159Z"}
{"level":"error","timestamp":"2023-11-30T03:36:19.196Z"}
{"level":"error","timestamp":"2023-11-30T03:39:55.206Z"}
{"level":"error","timestamp":"2023-11-30T03:39:55.209Z"}
{"level":"error","timestamp":"2023-11-30T03:39:55.219Z"}
{"level":"error","timestamp":"2023-11-30T03:39:55.322Z"}
{"level":"error","timestamp":"2023-11-30T03:40:07.487Z"}
{"level":"error","timestamp":"2023-11-30T03:40:07.510Z"}
{"level":"error","timestamp":"2023-11-30T03:40:07.524Z"}
{"level":"error","timestamp":"2023-11-30T03:40:07.556Z"}
{"level":"error","timestamp":"2023-11-30T03:42:54.657Z"}
{"level":"error","timestamp":"2023-11-30T03:42:54.671Z"}
{"level":"error","timestamp":"2023-11-30T03:49:29.996Z"}
{"level":"error","timestamp":"2023-11-30T03:49:30.041Z"}
{"level":"error","timestamp":"2023-11-30T04:19:04.239Z"}
{"level":"error","timestamp":"2023-11-30T04:24:19.434Z"}
{"level":"error","timestamp":"2023-11-30T04:24:50.064Z"}
{"level":"error","timestamp":"2023-11-30T04:26:52.371Z"}
{"level":"error","timestamp":"2023-11-30T04:27:39.771Z"}
{"level":"error","timestamp":"2023-11-30T04:28:40.989Z"}
error: 2023-12-01T03:21:25.260Z data is not defined
error: 2023-12-01T03:21:26.287Z data is not defined
error: 2023-12-01T03:21:29.880Z data is not defined
error: 2023-12-01T03:21:31.023Z data is not defined
error: 2023-12-01T03:21:32.233Z data is not defined
error: 2023-12-01T03:21:36.580Z data is not defined
error: 2023-12-01T03:44:19.119Z Kindly Signup!
error: 2023-12-01T11:01:15.058Z Operation `wishlists.findOne()` buffering timed out after 10000ms
error: 2023-12-01T11:01:15.103Z Operation `carts.findOne()` buffering timed out after 10000ms
error: 2023-12-01T11:01:15.287Z Operation `sellerdetails.findOne()` buffering timed out after 10000ms
error: 2023-12-01T15:40:48.975Z You are already a user
error: 2023-12-02T03:53:54.676Z productList.map is not a function
error: 2023-12-02T03:55:06.407Z productList.map is not a function
error: 2023-12-02T04:04:34.129Z productList.map is not a function
error: 2023-12-02T04:05:39.168Z productList.map is not a function
error: 2023-12-02T05:05:01.267Z Cannot read properties of undefined (reading 'map')
error: 2023-12-02T05:08:56.516Z Cannot read properties of undefined (reading 'map')
error: 2023-12-02T04:45:33.347Z GRAPHIC PRINT FULL SLEEVE HOODED SWEATSHIRT is out of stock
error: 2023-12-02T04:45:35.850Z GRAPHIC PRINT FULL SLEEVE HOODED SWEATSHIRT is out of stock
error: 2023-12-02T04:45:36.535Z GRAPHIC PRINT FULL SLEEVE HOODED SWEATSHIRT is out of stock
error: 2023-12-02T04:45:36.782Z GRAPHIC PRINT FULL SLEEVE HOODED SWEATSHIRT is out of stock
error: 2023-12-02T04:46:59.445Z GRAPHIC PRINT FULL SLEEVE HOODED SWEATSHIRT is out of stock
error: 2023-12-02T05:11:29.442Z This is conflict point please try to create another date points 
error: 2023-12-02T05:11:31.263Z This is conflict point please try to create another date points 
error: 2023-12-02T05:11:36.124Z This is conflict point please try to create another date points 
error: 2023-12-02T05:11:46.603Z This is conflict point please try to create another date points 
error: 2023-12-02T05:12:03.445Z This is conflict point please try to create another date points 
error: 2023-12-02T05:13:14.987Z Cannot read properties of undefined (reading 'Title')
error: 2023-12-02T05:13:38.747Z Cannot read properties of undefined (reading 'Title')
error: 2023-12-02T05:13:50.914Z Cannot read properties of undefined (reading 'Title')
error: 2023-12-02T05:14:17.959Z This is conflict point please try to create another date points diwali discount
error: 2023-12-02T05:15:39.906Z Your Current discount is conflicting with diwali discount
error: 2023-12-02T05:20:20.903Z Your Current discount is conflicting with diwali third
error: 2023-12-02T05:22:47.790Z Your Current discount is conflicting with diwali third
error: 2023-12-02T05:24:12.462Z Your Current discount is conflicting with diwali third
error: 2023-12-02T05:24:20.171Z Your Current discount is conflicting with diwali third
error: 2023-12-02T05:24:30.634Z Your Current discount is conflicting with diwali 3
error: 2023-12-02T05:24:33.372Z Your Current discount is conflicting with diwali 3
error: 2023-12-02T05:24:34.148Z Your Current discount is conflicting with diwali 3
error: 2023-12-02T05:24:34.531Z Your Current discount is conflicting with diwali 3
error: 2023-12-02T05:25:27.126Z Your Current discount is conflicting with diwali 3
error: 2023-12-02T06:06:46.946Z Sorry This Coupon is not available for you
error: 2023-12-02T06:06:56.441Z Sorry This Coupon is not available for you
error: 2023-12-02T06:07:42.441Z Sorry This Coupon is not available for you
error: 2023-12-02T06:09:00.415Z Sorry This Coupon is not available for you
error: 2023-12-02T07:19:19.228Z A-line Kurti is out of stock
error: 2023-12-02T07:19:26.299Z A-line Kurti is out of stock
error: 2023-12-02T07:19:31.255Z A-line Kurti is out of stock
error: 2023-12-02T07:19:39.630Z A-line Kurti is out of stock
error: 2023-12-02T07:20:20.458Z A-line Kurti is out of stock
error: 2023-12-02T07:20:26.636Z A-line Kurti is out of stock
error: 2023-12-02T07:20:36.042Z A-line Kurti is out of stock
error: 2023-12-02T07:21:32.468Z A-line Kurti is out of stock
error: 2023-12-02T07:21:38.214Z A-line Kurti is out of stock
error: 2023-12-02T07:22:12.905Z A-line Kurti is out of stock
error: 2023-12-02T07:22:20.063Z A-line Kurti is out of stock
error: 2023-12-02T07:23:34.527Z A-line Kurti is out of stock
error: 2023-12-02T07:23:38.838Z A-line Kurti is out of stock
error: 2023-12-02T07:24:45.300Z A-line Kurti is out of stock
error: 2023-12-02T07:24:55.473Z A-line Kurti is out of stock
error: 2023-12-02T07:25:00.040Z A-line Kurti is out of stock
error: 2023-12-02T07:25:07.965Z A-line Kurti is out of stock
error: 2023-12-02T07:25:48.102Z A-line Kurti is out of stock
error: 2023-12-02T07:25:56.601Z A-line Kurti is out of stock
error: 2023-12-02T07:26:00.742Z A-line Kurti is out of stock
error: 2023-12-02T07:26:16.504Z A-line Kurti is out of stock
error: 2023-12-02T07:26:21.210Z A-line Kurti is out of stock
error: 2023-12-02T07:26:56.227Z A-line Kurti is out of stock
error: 2023-12-02T07:27:42.884Z A-line Kurti is out of stock
error: 2023-12-02T07:30:57.025Z A-line Kurti is out of stock
error: 2023-12-02T07:37:58.012Z undefined is not iterable (cannot read property Symbol(Symbol.iterator))
error: 2023-12-02T07:38:54.404Z totalAmount is not defined
error: 2023-12-02T07:38:59.932Z totalAmount is not defined
error: 2023-12-02T07:39:36.735Z totalAmount is not defined
error: 2023-12-02T08:26:19.825Z Cannot read properties of undefined (reading '_id')
error: 2023-12-02T08:26:19.977Z Cannot set headers after they are sent to the client
error: 2023-12-02T08:26:49.206Z Cannot read properties of undefined (reading '_id')
error: 2023-12-02T08:26:49.371Z Cannot set headers after they are sent to the client
error: 2023-12-02T08:31:04.369Z Cannot read properties of undefined (reading '_id')
error: 2023-12-02T08:31:28.993Z Cannot read properties of undefined (reading '_id')
error: 2023-12-02T08:32:16.277Z Cannot read properties of undefined (reading 'total')
error: 2023-12-02T08:32:16.431Z Cannot set headers after they are sent to the client
error: 2023-12-02T08:33:30.339Z Cannot read properties of undefined (reading 'total')
error: 2023-12-02T08:33:30.503Z Cannot set headers after they are sent to the client
error: 2023-12-02T08:33:44.442Z Cannot read properties of undefined (reading 'total')
error: 2023-12-02T08:33:44.602Z Cannot set headers after they are sent to the client
error: 2023-12-02T04:39:12.027Z GRAPHIC PRINT FULL SLEEVE HOODED SWEATSHIRT is out of stock
error: 2023-12-02T07:42:17.245Z This product is Out Of Stock
error: 2023-12-02T07:42:41.025Z This product is Out Of Stock
error: 2023-12-02T07:43:42.751Z This product is Out Of Stock
error: 2023-12-02T07:44:07.400Z This product is Out Of Stock
error: 2023-12-02T07:44:18.194Z This product is Out Of Stock
error: 2023-12-02T07:44:26.800Z This product is Out Of Stock
error: 2023-12-02T07:44:42.963Z This product is Out Of Stock
error: 2023-12-02T07:44:49.561Z This product is Out Of Stock
error: 2023-12-02T07:46:51.715Z This product is Out Of Stock
error: 2023-12-02T07:47:25.494Z This product is Out Of Stock
error: 2023-12-02T07:47:27.932Z This product is Out Of Stock
error: 2023-12-02T07:48:50.649Z This product is Out Of Stock
error: 2023-12-02T07:48:51.669Z This product is Out Of Stock
error: 2023-12-02T07:48:54.364Z This product is Out Of Stock
error: 2023-12-02T08:20:22.690Z E11000 duplicate key error collection: test.home-layouts index: name_1 dup key: { name: "layout 3" }
error: 2023-12-02T08:20:59.485Z E11000 duplicate key error collection: 651281ec114f8225fea6fa41_test.home-layouts index: name_1 dup key: { name: "akshay saini" }
error: 2023-12-02T08:35:28.405Z E11000 duplicate key error collection: 651281ec114f8225fea6fa41_test.home-layouts index: name_1 dup key: { name: "layout 3" }
error: 2023-12-02T08:43:40.408Z E11000 duplicate key error collection: 651281ec114f8225fea6fa41_test.home-layouts index: name_1 dup key: { name: "layout 2" }
error: 2023-12-02T08:44:46.924Z E11000 duplicate key error collection: 651281ec114f8225fea6fa41_test.home-layouts index: name_1 dup key: { name: "layout 4" }
error: 2023-12-02T08:48:48.884Z E11000 duplicate key error collection: 651281ec114f8225fea6fa41_test.home-layouts index: name_1 dup key: { name: "layout 4" }
error: 2023-12-02T08:51:26.715Z E11000 duplicate key error collection: 651281ec114f8225fea6fa41_test.home-layouts index: name_1 dup key: { name: "layout 4" }
error: 2023-12-02T08:56:13.462Z E11000 duplicate key error collection: 651281ec114f8225fea6fa41_test.home-layouts index: name_1 dup key: { name: "layout 4" }
error: 2023-12-02T08:56:41.280Z E11000 duplicate key error collection: 651281ec114f8225fea6fa41_test.home-layouts index: name_1 dup key: { name: "layout 2" }
error: 2023-12-02T08:57:22.654Z E11000 duplicate key error collection: test.home-layouts index: name_1 dup key: { name: "layout 4" }
error: 2023-12-02T09:12:58.196Z E11000 duplicate key error collection: 651281ec114f8225fea6fa41_test.home-layouts index: name_1 dup key: { name: "layout 4" }
error: 2023-12-02T09:13:17.868Z E11000 duplicate key error collection: 651281ec114f8225fea6fa41_test.home-layouts index: name_1 dup key: { name: "layout 4" }
error: 2023-12-02T09:26:33.097Z Heavyweight Shirt is out of stock
error: 2023-12-02T20:42:12.549Z 404
error: 2023-12-02T20:42:13.568Z 404
error: 2023-12-03T03:41:28.690Z Cannot read properties of undefined (reading 'id')
error: 2023-12-03T05:38:11.989Z 404
error: 2023-12-03T05:42:33.256Z 404
error: 2023-12-03T05:42:37.494Z 404
error: 2023-12-03T05:42:38.642Z 404
error: 2023-12-03T05:42:39.667Z 404
error: 2023-12-03T08:33:07.158Z 404
error: 2023-12-03T08:33:07.806Z 404
error: 2023-12-03T08:40:38.725Z 404
error: 2023-12-03T08:50:06.644Z Operation `wishlists.findOne()` buffering timed out after 10000ms
error: 2023-12-03T08:50:06.656Z Operation `carts.findOne()` buffering timed out after 10000ms
error: 2023-12-03T09:52:56.700Z Cannot read properties of undefined (reading 'totalSales')
error: 2023-12-03T10:29:06.288Z Cannot read properties of undefined (reading 'totalSales')
error: 2023-12-03T10:31:10.925Z Cannot read properties of undefined (reading 'authorization')
error: 2023-12-03T10:31:23.939Z Cannot read properties of undefined (reading 'authorization')
error: 2023-12-03T10:32:28.078Z Cannot read properties of undefined (reading 'authorization')
error: 2023-12-03T12:06:17.211Z Cannot read properties of undefined (reading 'totalSales')
error: 2023-12-03T19:14:33.809Z Please login/signup.
error: 2023-12-03T19:14:33.809Z Please login/signup.
error: 2023-12-03T21:24:28.414Z Please login/signup.
error: 2023-12-03T21:24:28.414Z Please login/signup.
error: 2023-12-03T21:24:40.300Z Please login/signup.
error: 2023-12-03T21:24:40.300Z Please login/signup.
error: 2023-12-03T21:25:10.685Z Please login/signup.
error: 2023-12-03T21:25:10.685Z Please login/signup.
error: 2023-12-03T21:29:04.720Z 404
error: 2023-12-03T21:38:33.385Z Please login/signup.
error: 2023-12-03T21:38:33.385Z Please login/signup.
error: 2023-12-03T21:39:56.975Z Please login/signup.
error: 2023-12-03T21:39:56.975Z Please login/signup.
error: 2023-12-03T21:40:39.524Z Please login/signup.
error: 2023-12-03T21:40:39.524Z Please login/signup.
error: 2023-12-03T21:41:13.714Z Please login/signup.
error: 2023-12-03T21:41:13.714Z Please login/signup.
error: 2023-12-03T21:43:10.005Z Please login/signup.
error: 2023-12-03T21:43:10.005Z Please login/signup.
error: 2023-12-03T21:44:04.231Z Please login/signup.
error: 2023-12-03T21:44:04.231Z Please login/signup.
error: 2023-12-03T21:44:11.978Z Please login/signup.
error: 2023-12-03T21:44:11.978Z Please login/signup.
error: 2023-12-03T21:44:24.724Z Please login/signup.
error: 2023-12-03T21:44:24.724Z Please login/signup.
error: 2023-12-03T21:45:03.896Z Please login/signup.
error: 2023-12-03T21:45:03.896Z Please login/signup.
error: 2023-12-03T21:45:22.236Z Please login/signup.
error: 2023-12-03T21:45:22.236Z Please login/signup.
error: 2023-12-03T21:45:29.809Z Please login/signup.
error: 2023-12-03T21:45:29.809Z Please login/signup.
error: 2023-12-03T21:45:37.066Z Please login/signup.
error: 2023-12-03T21:45:37.066Z Please login/signup.
error: 2023-12-03T21:46:37.724Z Please login/signup.
error: 2023-12-03T21:46:37.724Z Please login/signup.
error: 2023-12-03T21:46:42.065Z Please login/signup.
error: 2023-12-03T21:46:42.065Z Please login/signup.
error: 2023-12-03T21:47:50.464Z Please login/signup.
error: 2023-12-03T21:47:50.464Z Please login/signup.
error: 2023-12-03T21:49:34.221Z Please login/signup.
error: 2023-12-03T21:49:34.221Z Please login/signup.
error: 2023-12-03T21:50:01.534Z Please login/signup.
error: 2023-12-03T21:50:01.534Z Please login/signup.
error: 2023-12-03T21:51:08.910Z Please login/signup.
error: 2023-12-03T21:51:08.910Z Please login/signup.
error: 2023-12-03T21:52:29.719Z Please login/signup.
error: 2023-12-03T21:52:29.719Z Please login/signup.
error: 2023-12-03T21:52:34.499Z Please login/signup.
error: 2023-12-03T21:52:34.499Z Please login/signup.
error: 2023-12-03T21:53:25.800Z Please login/signup.
error: 2023-12-03T21:53:25.800Z Please login/signup.
error: 2023-12-03T21:53:33.964Z Please login/signup.
error: 2023-12-03T21:53:33.964Z Please login/signup.
error: 2023-12-03T21:56:02.491Z Try to login manually.
error: 2023-12-03T21:59:55.420Z 404
error: 2023-12-03T21:59:56.475Z 404
error: 2023-12-03T21:59:57.214Z 404
error: 2023-12-03T22:45:23.263Z Cannot read properties of undefined (reading 'slice')
error: 2023-12-03T22:45:25.685Z Cannot read properties of undefined (reading 'slice')
error: 2023-12-03T22:45:33.298Z Cannot read properties of undefined (reading 'slice')
error: 2023-12-03T22:45:39.671Z Cannot read properties of undefined (reading 'slice')
error: 2023-12-03T22:45:47.629Z Cannot read properties of undefined (reading 'slice')
error: 2023-12-03T22:46:23.729Z Cannot read properties of undefined (reading 'slice')
error: 2023-12-03T22:46:45.161Z Cannot read properties of undefined (reading 'slice')
error: 2023-12-03T22:47:09.108Z Cannot read properties of undefined (reading 'slice')
error: 2023-12-03T22:47:24.051Z Cannot read properties of undefined (reading 'slice')
error: 2023-12-03T22:52:56.012Z Cannot read properties of undefined (reading 'slice')
error: 2023-12-03T22:52:59.447Z Cannot read properties of undefined (reading 'slice')
error: 2023-12-03T22:53:58.264Z Cannot read properties of undefined (reading 'slice')
error: 2023-12-03T22:57:39.620Z Cannot read properties of undefined (reading 'slice')
error: 2023-12-03T22:57:52.486Z Cannot read properties of undefined (reading 'slice')
error: 2023-12-03T22:59:21.044Z Cannot read properties of undefined (reading 'slice')
error: 2023-12-03T23:01:13.029Z Cannot read properties of undefined (reading 'slice')
error: 2023-12-03T23:03:02.594Z Cannot read properties of undefined (reading 'slice')
error: 2023-12-03T23:03:02.972Z Cannot read properties of undefined (reading 'slice')
error: 2023-12-03T23:03:17.979Z Cannot read properties of undefined (reading 'slice')
error: 2023-12-03T23:22:18.584Z 404
error: 2023-12-03T23:22:20.193Z 404
error: 2023-12-03T23:22:21.134Z 404
error: 2023-12-02T05:25:02.447Z Cannot read properties of undefined (reading 'length')
error: 2023-12-02T05:25:02.639Z Cannot read properties of undefined (reading 'length')
error: 2023-12-02T05:25:06.508Z Cannot read properties of undefined (reading 'length')
error: 2023-12-02T05:25:11.950Z Cannot read properties of undefined (reading 'length')
error: 2023-12-02T05:25:21.982Z Cannot read properties of undefined (reading 'length')
error: 2023-12-02T05:27:00.794Z Cannot read properties of undefined (reading 'length')
error: 2023-12-02T05:28:00.720Z Cannot read properties of undefined (reading 'length')
error: 2023-12-02T05:28:22.680Z Cannot read properties of undefined (reading 'length')
error: 2023-12-03T11:45:47.048Z Cannot read properties of undefined (reading 'totalSales')
error: 2023-12-03T11:46:24.740Z Cannot read properties of undefined (reading 'totalSales')
error: 2023-12-03T12:03:13.847Z Cannot read properties of undefined (reading 'totalSales')
error: 2023-12-03T12:03:26.002Z Cannot read properties of undefined (reading 'totalSales')
error: 2023-12-03T12:05:45.445Z Cannot read properties of undefined (reading 'totalSales')
error: 2023-12-03T12:06:54.566Z Cannot read properties of undefined (reading 'totalSales')
error: 2023-12-03T12:07:47.899Z Cannot read properties of undefined (reading 'totalSales')
error: 2023-12-03T12:08:31.735Z Cannot read properties of undefined (reading 'totalSales')
error: 2023-12-03T12:09:14.189Z Cannot read properties of undefined (reading 'totalSales')
error: 2023-12-03T16:45:14.883Z Cannot read properties of null (reading 'wishlists')
error: 2023-12-03T16:45:26.390Z Cannot read properties of null (reading 'wishlists')
error: 2023-12-03T16:47:32.689Z Cannot read properties of null (reading 'wishlists')
error: 2023-12-03T16:55:00.640Z Incorrect Password!
error: 2023-12-03T17:02:12.174Z Wishlist of same name already exists!
error: 2023-12-03T17:02:32.432Z Wishlist of same name already exists!
error: 2023-12-03T17:02:47.470Z Wishlist of same name already exists!
error: 2023-12-03T17:17:59.301Z Wishlist of same name already exists!
error: 2023-12-03T17:18:05.400Z Wishlist of same name already exists!
error: 2023-12-03T18:06:01.051Z Date.now(...).toISOString is not a function
error: 2023-12-03T18:11:15.547Z Cannot read properties of null (reading 'wishlists')
error: 2023-12-03T18:28:07.291Z Wishlist of same name already exists!
error: 2023-12-03T18:37:20.897Z Cannot read properties of null (reading 'wishlists')
error: 2023-12-03T18:37:31.340Z Cannot read properties of null (reading 'wishlists')
error: 2023-12-03T18:38:38.026Z Cannot read properties of null (reading 'wishlists')
error: 2023-12-03T18:41:27.463Z Cannot read properties of null (reading 'wishlists')
error: 2023-12-03T18:51:30.015Z Cannot set headers after they are sent to the client
error: 2023-12-03T18:53:11.014Z next is not defined
error: 2023-12-03T18:53:19.294Z next is not defined
error: 2023-12-03T18:54:31.944Z next is not defined
error: 2023-12-03T18:55:11.302Z next is not defined
error: 2023-12-04T03:29:19.248Z Incorrect Password!
