error: 2023-12-01T03:21:25.260Z data is not defined
error: 2023-12-01T03:21:26.287Z data is not defined
error: 2023-12-01T03:21:29.880Z data is not defined
error: 2023-12-01T03:21:31.023Z data is not defined
error: 2023-12-01T03:21:32.233Z data is not defined
error: 2023-12-01T03:21:36.580Z data is not defined
error: 2023-12-01T03:44:19.119Z Kindly Signup!
error: 2023-12-02T06:06:46.946Z Sorry This Coupon is not available for you
error: 2023-12-02T06:06:56.441Z Sorry This Coupon is not available for you
error: 2023-12-02T06:07:42.441Z Sorry This Coupon is not available for you
error: 2023-12-02T06:09:00.415Z Sorry This Coupon is not available for you
error: 2023-12-02T07:19:19.228Z A-line Kurti is out of stock
error: 2023-12-02T07:19:26.299Z A-line Kurti is out of stock
error: 2023-12-02T07:19:31.255Z A-line Kurti is out of stock
error: 2023-12-02T07:19:39.630Z A-line Kurti is out of stock
error: 2023-12-02T07:20:20.458Z A-line Kurti is out of stock
error: 2023-12-02T07:20:26.636Z A-line Kurti is out of stock
error: 2023-12-02T07:20:36.042Z A-line Kurti is out of stock
error: 2023-12-02T07:21:32.468Z A-line Kurti is out of stock
error: 2023-12-02T07:21:38.214Z A-line Kurti is out of stock
error: 2023-12-02T07:22:12.905Z A-line Kurti is out of stock
error: 2023-12-02T07:22:20.063Z A-line Kurti is out of stock
error: 2023-12-02T07:23:34.527Z A-line Kurti is out of stock
error: 2023-12-02T07:23:38.838Z A-line Kurti is out of stock
error: 2023-12-02T07:24:45.300Z A-line Kurti is out of stock
error: 2023-12-02T07:24:55.473Z A-line Kurti is out of stock
error: 2023-12-02T07:25:00.040Z A-line Kurti is out of stock
error: 2023-12-02T07:25:07.965Z A-line Kurti is out of stock
error: 2023-12-02T07:25:48.102Z A-line Kurti is out of stock
error: 2023-12-02T07:25:56.601Z A-line Kurti is out of stock
error: 2023-12-02T07:26:00.742Z A-line Kurti is out of stock
error: 2023-12-02T07:26:16.504Z A-line Kurti is out of stock
error: 2023-12-02T07:26:21.210Z A-line Kurti is out of stock
error: 2023-12-02T07:26:56.227Z A-line Kurti is out of stock
error: 2023-12-02T07:27:42.884Z A-line Kurti is out of stock
error: 2023-12-02T07:30:57.025Z A-line Kurti is out of stock
error: 2023-12-02T07:37:58.012Z undefined is not iterable (cannot read property Symbol(Symbol.iterator))
error: 2023-12-02T07:38:54.404Z totalAmount is not defined
error: 2023-12-02T07:38:59.932Z totalAmount is not defined
error: 2023-12-02T07:39:36.735Z totalAmount is not defined
error: 2023-12-02T08:26:19.825Z Cannot read properties of undefined (reading '_id')
error: 2023-12-02T08:26:19.977Z Cannot set headers after they are sent to the client
error: 2023-12-02T08:26:49.206Z Cannot read properties of undefined (reading '_id')
error: 2023-12-02T08:26:49.371Z Cannot set headers after they are sent to the client
error: 2023-12-02T08:31:04.369Z Cannot read properties of undefined (reading '_id')
error: 2023-12-02T08:31:28.993Z Cannot read properties of undefined (reading '_id')
error: 2023-12-02T08:32:16.277Z Cannot read properties of undefined (reading 'total')
error: 2023-12-02T08:32:16.431Z Cannot set headers after they are sent to the client
error: 2023-12-02T08:33:30.339Z Cannot read properties of undefined (reading 'total')
error: 2023-12-02T08:33:30.503Z Cannot set headers after they are sent to the client
error: 2023-12-02T08:33:44.442Z Cannot read properties of undefined (reading 'total')
error: 2023-12-02T08:33:44.602Z Cannot set headers after they are sent to the client
error: 2023-12-02T04:39:12.027Z GRAPHIC PRINT FULL SLEEVE HOODED SWEATSHIRT is out of stock
error: 2023-12-02T07:42:17.245Z This product is Out Of Stock
error: 2023-12-02T07:42:41.025Z This product is Out Of Stock
error: 2023-12-02T07:43:42.751Z This product is Out Of Stock
error: 2023-12-02T07:44:07.400Z This product is Out Of Stock
error: 2023-12-02T07:44:18.194Z This product is Out Of Stock
error: 2023-12-02T07:44:26.800Z This product is Out Of Stock
error: 2023-12-02T07:44:42.963Z This product is Out Of Stock
error: 2023-12-02T07:44:49.561Z This product is Out Of Stock
error: 2023-12-02T07:46:51.715Z This product is Out Of Stock
error: 2023-12-02T07:47:25.494Z This product is Out Of Stock
error: 2023-12-02T07:47:27.932Z This product is Out Of Stock
error: 2023-12-02T07:48:50.649Z This product is Out Of Stock
error: 2023-12-02T07:48:51.669Z This product is Out Of Stock
error: 2023-12-02T07:48:54.364Z This product is Out Of Stock
error: 2023-12-02T08:20:22.690Z E11000 duplicate key error collection: test.home-layouts index: name_1 dup key: { name: "layout 3" }
error: 2023-12-02T08:20:59.485Z E11000 duplicate key error collection: 651281ec114f8225fea6fa41_test.home-layouts index: name_1 dup key: { name: "akshay saini" }
error: 2023-12-02T08:35:28.405Z E11000 duplicate key error collection: 651281ec114f8225fea6fa41_test.home-layouts index: name_1 dup key: { name: "layout 3" }
error: 2023-12-02T08:43:40.408Z E11000 duplicate key error collection: 651281ec114f8225fea6fa41_test.home-layouts index: name_1 dup key: { name: "layout 2" }
error: 2023-12-02T08:44:46.924Z E11000 duplicate key error collection: 651281ec114f8225fea6fa41_test.home-layouts index: name_1 dup key: { name: "layout 4" }
error: 2023-12-02T08:48:48.884Z E11000 duplicate key error collection: 651281ec114f8225fea6fa41_test.home-layouts index: name_1 dup key: { name: "layout 4" }
error: 2023-12-02T08:51:26.715Z E11000 duplicate key error collection: 651281ec114f8225fea6fa41_test.home-layouts index: name_1 dup key: { name: "layout 4" }
error: 2023-12-02T08:56:13.462Z E11000 duplicate key error collection: 651281ec114f8225fea6fa41_test.home-layouts index: name_1 dup key: { name: "layout 4" }
error: 2023-12-02T08:56:41.280Z E11000 duplicate key error collection: 651281ec114f8225fea6fa41_test.home-layouts index: name_1 dup key: { name: "layout 2" }
error: 2023-12-02T08:57:22.654Z E11000 duplicate key error collection: test.home-layouts index: name_1 dup key: { name: "layout 4" }
error: 2023-12-02T09:12:58.196Z E11000 duplicate key error collection: 651281ec114f8225fea6fa41_test.home-layouts index: name_1 dup key: { name: "layout 4" }
error: 2023-12-02T09:13:17.868Z E11000 duplicate key error collection: 651281ec114f8225fea6fa41_test.home-layouts index: name_1 dup key: { name: "layout 4" }
error: 2023-12-02T09:26:33.097Z Heavyweight Shirt is out of stock
error: 2023-12-02T20:42:12.549Z 404
error: 2023-12-02T20:42:13.568Z 404
error: 2023-12-03T03:41:28.690Z Cannot read properties of undefined (reading 'id')
error: 2023-12-03T05:38:11.989Z 404
error: 2023-12-03T05:42:33.256Z 404
error: 2023-12-03T05:42:37.494Z 404
error: 2023-12-03T05:42:38.642Z 404
error: 2023-12-03T05:42:39.667Z 404
error: 2023-12-03T08:33:07.158Z 404
error: 2023-12-03T08:33:07.806Z 404
error: 2023-12-03T08:40:38.725Z 404
error: 2023-12-03T08:50:06.644Z Operation `wishlists.findOne()` buffering timed out after 10000ms
error: 2023-12-03T08:50:06.656Z Operation `carts.findOne()` buffering timed out after 10000ms
error: 2023-12-03T09:52:56.700Z Cannot read properties of undefined (reading 'totalSales')
error: 2023-12-03T10:29:06.288Z Cannot read properties of undefined (reading 'totalSales')
error: 2023-12-03T10:31:10.925Z Cannot read properties of undefined (reading 'authorization')
error: 2023-12-03T10:31:23.939Z Cannot read properties of undefined (reading 'authorization')
error: 2023-12-03T10:32:28.078Z Cannot read properties of undefined (reading 'authorization')
error: 2023-12-03T12:06:17.211Z Cannot read properties of undefined (reading 'totalSales')
error: 2023-12-03T19:14:33.809Z Please login/signup.
error: 2023-12-03T19:14:33.809Z Please login/signup.
error: 2023-12-03T21:24:28.414Z Please login/signup.
error: 2023-12-03T21:24:28.414Z Please login/signup.
error: 2023-12-03T21:24:40.300Z Please login/signup.
error: 2023-12-03T21:24:40.300Z Please login/signup.
error: 2023-12-03T21:25:10.685Z Please login/signup.
error: 2023-12-03T21:25:10.685Z Please login/signup.
error: 2023-12-03T21:29:04.720Z 404
error: 2023-12-03T21:38:33.385Z Please login/signup.
error: 2023-12-03T21:38:33.385Z Please login/signup.
error: 2023-12-03T21:39:56.975Z Please login/signup.
error: 2023-12-03T21:39:56.975Z Please login/signup.
error: 2023-12-03T21:40:39.524Z Please login/signup.
error: 2023-12-03T21:40:39.524Z Please login/signup.
error: 2023-12-03T21:41:13.714Z Please login/signup.
error: 2023-12-03T21:41:13.714Z Please login/signup.
error: 2023-12-03T21:43:10.005Z Please login/signup.
error: 2023-12-03T21:43:10.005Z Please login/signup.
error: 2023-12-03T21:44:04.231Z Please login/signup.
error: 2023-12-03T21:44:04.231Z Please login/signup.
error: 2023-12-03T21:44:11.978Z Please login/signup.
error: 2023-12-03T21:44:11.978Z Please login/signup.
error: 2023-12-03T21:44:24.724Z Please login/signup.
error: 2023-12-03T21:44:24.724Z Please login/signup.
error: 2023-12-03T21:45:03.896Z Please login/signup.
error: 2023-12-03T21:45:03.896Z Please login/signup.
error: 2023-12-03T21:45:22.236Z Please login/signup.
error: 2023-12-03T21:45:22.236Z Please login/signup.
error: 2023-12-03T21:45:29.809Z Please login/signup.
error: 2023-12-03T21:45:29.809Z Please login/signup.
error: 2023-12-03T21:45:37.066Z Please login/signup.
error: 2023-12-03T21:45:37.066Z Please login/signup.
error: 2023-12-03T21:46:37.724Z Please login/signup.
error: 2023-12-03T21:46:37.724Z Please login/signup.
error: 2023-12-03T21:46:42.065Z Please login/signup.
error: 2023-12-03T21:46:42.065Z Please login/signup.
error: 2023-12-03T21:47:50.464Z Please login/signup.
error: 2023-12-03T21:47:50.464Z Please login/signup.
error: 2023-12-03T21:49:34.221Z Please login/signup.
error: 2023-12-03T21:49:34.221Z Please login/signup.
error: 2023-12-03T21:50:01.534Z Please login/signup.
error: 2023-12-03T21:50:01.534Z Please login/signup.
error: 2023-12-03T21:51:08.910Z Please login/signup.
error: 2023-12-03T21:51:08.910Z Please login/signup.
error: 2023-12-03T21:52:29.719Z Please login/signup.
error: 2023-12-03T21:52:29.719Z Please login/signup.
error: 2023-12-03T21:52:34.499Z Please login/signup.
error: 2023-12-03T21:52:34.499Z Please login/signup.
error: 2023-12-03T21:53:25.800Z Please login/signup.
error: 2023-12-03T21:53:25.800Z Please login/signup.
error: 2023-12-03T21:53:33.964Z Please login/signup.
error: 2023-12-03T21:53:33.964Z Please login/signup.
error: 2023-12-03T21:56:02.491Z Try to login manually.
error: 2023-12-03T21:59:55.420Z 404
error: 2023-12-03T21:59:56.475Z 404
error: 2023-12-03T21:59:57.214Z 404
error: 2023-12-03T22:45:23.263Z Cannot read properties of undefined (reading 'slice')
error: 2023-12-03T22:45:25.685Z Cannot read properties of undefined (reading 'slice')
error: 2023-12-03T22:45:33.298Z Cannot read properties of undefined (reading 'slice')
error: 2023-12-03T22:45:39.671Z Cannot read properties of undefined (reading 'slice')
error: 2023-12-03T22:45:47.629Z Cannot read properties of undefined (reading 'slice')
error: 2023-12-03T22:46:23.729Z Cannot read properties of undefined (reading 'slice')
error: 2023-12-03T22:46:45.161Z Cannot read properties of undefined (reading 'slice')
error: 2023-12-03T22:47:09.108Z Cannot read properties of undefined (reading 'slice')
error: 2023-12-03T22:47:24.051Z Cannot read properties of undefined (reading 'slice')
error: 2023-12-03T22:52:56.012Z Cannot read properties of undefined (reading 'slice')
error: 2023-12-03T22:52:59.447Z Cannot read properties of undefined (reading 'slice')
error: 2023-12-03T22:53:58.264Z Cannot read properties of undefined (reading 'slice')
error: 2023-12-03T22:57:39.620Z Cannot read properties of undefined (reading 'slice')
error: 2023-12-03T22:57:52.486Z Cannot read properties of undefined (reading 'slice')
error: 2023-12-03T22:59:21.044Z Cannot read properties of undefined (reading 'slice')
error: 2023-12-03T23:01:13.029Z Cannot read properties of undefined (reading 'slice')
error: 2023-12-03T23:03:02.594Z Cannot read properties of undefined (reading 'slice')
error: 2023-12-03T23:03:02.972Z Cannot read properties of undefined (reading 'slice')
error: 2023-12-03T23:03:17.979Z Cannot read properties of undefined (reading 'slice')
error: 2023-12-03T23:22:18.584Z 404
error: 2023-12-03T23:22:20.193Z 404
error: 2023-12-03T23:22:21.134Z 404
error: 2023-12-03T12:03:13.847Z Cannot read properties of undefined (reading 'totalSales')
error: 2023-12-03T12:03:26.002Z Cannot read properties of undefined (reading 'totalSales')
error: 2023-12-03T12:05:45.445Z Cannot read properties of undefined (reading 'totalSales')
error: 2023-12-03T12:06:54.566Z Cannot read properties of undefined (reading 'totalSales')
error: 2023-12-03T12:07:47.899Z Cannot read properties of undefined (reading 'totalSales')
error: 2023-12-03T12:08:31.735Z Cannot read properties of undefined (reading 'totalSales')
error: 2023-12-03T12:09:14.189Z Cannot read properties of undefined (reading 'totalSales')
error: 2023-12-03T16:45:14.883Z Cannot read properties of null (reading 'wishlists')
error: 2023-12-03T16:45:26.390Z Cannot read properties of null (reading 'wishlists')
error: 2023-12-03T16:47:32.689Z Cannot read properties of null (reading 'wishlists')
error: 2023-12-03T16:55:00.640Z Incorrect Password!
error: 2023-12-03T17:02:12.174Z Wishlist of same name already exists!
error: 2023-12-03T17:02:32.432Z Wishlist of same name already exists!
error: 2023-12-03T17:02:47.470Z Wishlist of same name already exists!
error: 2023-12-03T17:17:59.301Z Wishlist of same name already exists!
error: 2023-12-03T17:18:05.400Z Wishlist of same name already exists!
error: 2023-12-03T18:06:01.051Z Date.now(...).toISOString is not a function
error: 2023-12-03T18:11:15.547Z Cannot read properties of null (reading 'wishlists')
error: 2023-12-03T18:28:07.291Z Wishlist of same name already exists!
error: 2023-12-03T18:37:20.897Z Cannot read properties of null (reading 'wishlists')
error: 2023-12-03T18:37:31.340Z Cannot read properties of null (reading 'wishlists')
error: 2023-12-03T18:38:38.026Z Cannot read properties of null (reading 'wishlists')
error: 2023-12-03T18:41:27.463Z Cannot read properties of null (reading 'wishlists')
error: 2023-12-03T18:51:30.015Z Cannot set headers after they are sent to the client
error: 2023-12-03T18:53:11.014Z next is not defined
error: 2023-12-03T18:53:19.294Z next is not defined
error: 2023-12-03T18:54:31.944Z next is not defined
error: 2023-12-03T18:55:11.302Z next is not defined
error: 2023-12-04T03:29:19.248Z Incorrect Password!
error: 2023-12-01T11:01:15.058Z Operation `wishlists.findOne()` buffering timed out after 10000ms
error: 2023-12-01T11:01:15.103Z Operation `carts.findOne()` buffering timed out after 10000ms
error: 2023-12-01T11:01:15.287Z Operation `sellerdetails.findOne()` buffering timed out after 10000ms
error: 2023-12-03T16:41:05.029Z Floral Embroidered Kurti is out of stock
error: 2023-12-03T16:41:11.477Z Floral Embroidered Kurti is out of stock
error: 2023-12-03T16:48:28.814Z Floral Embroidered Kurti is out of stock
error: 2023-12-03T16:48:33.635Z Floral Embroidered Kurti is out of stock
error: 2023-12-03T18:00:17.919Z Floral Embroidered Kurti is out of stock
error: 2023-12-04T03:24:33.822Z connection timed out
error: 2023-12-04T04:36:57.636Z AxiosError: Request failed with status code 400
error: 2023-12-04T04:38:08.013Z AxiosError: Request failed with status code 400
error: 2023-12-04T04:38:49.273Z AxiosError: Request failed with status code 400
error: 2023-12-04T05:00:41.304Z AxiosError: Request failed with status code 400
error: 2023-12-04T05:06:37.087Z AxiosError: Request failed with status code 403
error: 2023-12-04T05:09:05.989Z AxiosError: Request failed with status code 403
error: 2023-12-04T05:41:23.145Z TypeError: Assignment to constant variable.
error: 2023-12-04T05:44:28.184Z AxiosError: Request failed with status code 400
error: 2023-12-04T05:44:29.556Z AxiosError: Request failed with status code 400
error: 2023-12-04T05:55:19.751Z AxiosError: Request failed with status code 400
error: 2023-12-04T06:08:06.066Z ReferenceError: postId is not defined
error: 2023-12-04T06:11:55.146Z Floral Embroidered Kurti is out of stock
error: 2023-12-04T06:32:22.976Z Error: read ECONNRESET
error: 2023-12-04T06:35:36.242Z AxiosError: Request failed with status code 400
error: 2023-12-04T06:35:49.633Z Error: read ECONNRESET
error: 2023-12-04T06:36:51.104Z Error: read ECONNRESET
error: 2023-12-04T06:37:21.861Z Error: read ECONNRESET
error: 2023-12-04T06:38:04.700Z Error: read ECONNRESET
error: 2023-12-04T07:10:23.616Z AxiosError: Request failed with status code 400
error: 2023-12-04T09:49:39.299Z mongoose is not defined
error: 2023-12-04T09:50:04.194Z mongoose is not defined
error: 2023-12-04T09:50:04.320Z mongoose is not defined
error: 2023-12-04T09:50:28.363Z mongoose is not defined
error: 2023-12-04T09:51:33.528Z mongoose is not defined
error: 2023-12-04T09:55:22.315Z mongoose is not defined
error: 2023-12-04T09:55:52.695Z mongoose is not defined
error: 2023-12-04T09:57:54.029Z mongoose is not defined
error: 2023-12-04T10:03:11.920Z mongoose is not defined
error: 2023-12-04T10:03:38.821Z mongoose is not defined
error: 2023-12-04T10:03:38.876Z mongoose is not defined
error: 2023-12-04T10:26:55.455Z log is not defined
error: 2023-12-04T10:26:55.601Z log is not defined
error: 2023-12-04T10:37:00.341Z Cannot set headers after they are sent to the client
error: 2023-12-04T06:28:40.308Z This product is Out Of Stock
error: 2023-12-04T06:28:43.202Z This product is Out Of Stock
error: 2023-12-04T06:28:45.264Z This product is Out Of Stock
error: 2023-12-04T06:28:46.571Z This product is Out Of Stock
error: 2023-12-04T06:28:48.893Z This product is Out Of Stock
error: 2023-12-04T06:42:15.139Z Cannot set properties of undefined (setting 'delete')
error: 2023-12-04T06:42:30.171Z Cannot set properties of undefined (setting 'delete')
error: 2023-12-04T06:42:34.910Z Cannot set properties of undefined (setting 'delete')
error: 2023-12-04T06:43:38.866Z Cannot set properties of undefined (setting 'delete')
error: 2023-12-04T06:43:44.247Z Cannot set properties of undefined (setting 'delete')
error: 2023-12-04T06:44:14.186Z Cannot set properties of undefined (setting 'delete')
error: 2023-12-04T06:45:24.696Z Cannot set properties of undefined (setting 'delete')
error: 2023-12-04T06:47:14.429Z This product is Out Of Stock
error: 2023-12-04T06:48:21.261Z This product is Out Of Stock
error: 2023-12-04T11:06:25.090Z Cannot read properties of undefined (reading 'totalSales')
error: 2023-12-04T11:06:52.110Z Cannot read properties of undefined (reading 'totalSales')
error: 2023-12-04T11:07:29.066Z Flannel Oversized Shirt ok is out of stock
error: 2023-12-05T03:32:23.616Z This product is Out Of Stock
error: 2023-12-05T05:03:04.120Z Cannot read properties of undefined (reading 'totalSales')
error: 2023-12-05T05:03:34.580Z Cannot read properties of undefined (reading 'totalSales')
error: 2023-12-05T05:06:32.457Z Cannot read properties of undefined (reading 'totalSales')
error: 2023-12-05T05:07:40.556Z Cannot read properties of undefined (reading 'totalSales')
error: 2023-12-05T05:09:21.228Z Cannot read properties of undefined (reading 'totalSales')
error: 2023-12-05T05:10:04.402Z Cannot read properties of undefined (reading 'totalSales')
error: 2023-12-05T05:11:22.671Z Cannot read properties of undefined (reading 'totalSales')
error: 2023-12-05T05:13:00.337Z Cannot read properties of undefined (reading 'totalSales')
error: 2023-12-05T05:13:13.047Z Cannot read properties of undefined (reading 'totalSales')
error: 2023-12-06T15:56:36.452Z 404
error: 2023-12-06T15:56:38.489Z 404
error: 2023-12-06T15:56:41.424Z 404
error: 2023-12-06T15:58:23.883Z 404
error: 2023-12-06T15:58:25.348Z 404
error: 2023-12-06T16:14:51.091Z Cast to embedded failed for value "{
  firstname: 'VIVEK',
  lastname: 'DHIMAN',
  apartment: 'dhiman niwas 407/1 ,central town , street number 8',
  city: [ 'Dad' ],
  area: 'Ludhiana',
  state: 'Punjab',
  pincode: '142022',
  country: 'IN'
}" (type Object) at path "info.address" because of "CastError"
error: 2023-12-06T16:15:25.293Z 404
error: 2023-12-06T16:15:26.395Z 404
error: 2023-12-06T16:15:27.279Z 404
error: 2023-12-06T16:15:29.570Z 404
error: 2023-12-07T04:08:14.083Z Please login/signup.
error: 2023-12-07T04:08:14.083Z Please login/signup.
error: 2023-12-07T04:08:15.533Z Please login/signup.
error: 2023-12-07T04:08:15.533Z Please login/signup.
error: 2023-12-07T04:09:02.434Z Please login/signup.
error: 2023-12-07T04:09:02.434Z Please login/signup.
error: 2023-12-07T04:09:04.678Z Please login/signup.
error: 2023-12-07T04:09:04.678Z Please login/signup.
error: 2023-12-07T04:09:05.512Z Please login/signup.
error: 2023-12-07T04:09:05.512Z Please login/signup.
error: 2023-12-07T04:09:06.319Z Please login/signup.
error: 2023-12-07T04:09:06.319Z Please login/signup.
error: 2023-12-07T04:09:07.695Z Please login/signup.
error: 2023-12-07T04:09:07.695Z Please login/signup.
error: 2023-12-07T04:09:08.830Z Please login/signup.
error: 2023-12-07T04:09:08.830Z Please login/signup.
error: 2023-12-07T04:11:08.413Z Please login/signup.
error: 2023-12-07T04:11:08.413Z Please login/signup.
error: 2023-12-07T04:21:04.465Z 404
error: 2023-12-07T04:21:05.663Z 404
error: 2023-12-07T04:21:06.299Z 404
error: 2023-12-07T04:21:59.495Z Please login/signup.
error: 2023-12-07T04:21:59.495Z Please login/signup.
error: 2023-12-07T04:29:32.022Z A-line Kurti is out of stock
error: 2023-12-07T04:41:39.726Z orders validation failed: products.0.productInfo.brand: Path `productInfo.brand` is required., products.0.productInfo.category: Path `productInfo.category` is required., products.0.productInfo.image: Path `productInfo.image` is required., products.0.productInfo.name: Path `productInfo.name` is required., products.1.productInfo.brand: Path `productInfo.brand` is required., products.1.productInfo.category: Path `productInfo.category` is required., products.1.productInfo.image: Path `productInfo.image` is required., products.1.productInfo.name: Path `productInfo.name` is required., products.2.productInfo.brand: Path `productInfo.brand` is required., products.2.productInfo.category: Path `productInfo.category` is required., products.2.productInfo.image: Path `productInfo.image` is required., products.2.productInfo.name: Path `productInfo.name` is required., products.3.productInfo.brand: Path `productInfo.brand` is required., products.3.productInfo.category: Path `productInfo.category` is required., products.3.productInfo.image: Path `productInfo.image` is required., products.3.productInfo.name: Path `productInfo.name` is required., products.4.productInfo.brand: Path `productInfo.brand` is required., products.4.productInfo.category: Path `productInfo.category` is required., products.4.productInfo.image: Path `productInfo.image` is required., products.4.productInfo.name: Path `productInfo.name` is required.
error: 2023-12-07T04:42:03.344Z orders validation failed: products.0.productInfo.brand: Path `productInfo.brand` is required., products.0.productInfo.category: Path `productInfo.category` is required., products.0.productInfo.image: Path `productInfo.image` is required., products.0.productInfo.name: Path `productInfo.name` is required., products.1.productInfo.brand: Path `productInfo.brand` is required., products.1.productInfo.category: Path `productInfo.category` is required., products.1.productInfo.image: Path `productInfo.image` is required., products.1.productInfo.name: Path `productInfo.name` is required., products.2.productInfo.brand: Path `productInfo.brand` is required., products.2.productInfo.category: Path `productInfo.category` is required., products.2.productInfo.image: Path `productInfo.image` is required., products.2.productInfo.name: Path `productInfo.name` is required., products.3.productInfo.brand: Path `productInfo.brand` is required., products.3.productInfo.category: Path `productInfo.category` is required., products.3.productInfo.image: Path `productInfo.image` is required., products.3.productInfo.name: Path `productInfo.name` is required., products.4.productInfo.brand: Path `productInfo.brand` is required., products.4.productInfo.category: Path `productInfo.category` is required., products.4.productInfo.image: Path `productInfo.image` is required., products.4.productInfo.name: Path `productInfo.name` is required.
error: 2023-12-07T04:45:44.198Z orders validation failed: products.0.productInfo.brand: Path `productInfo.brand` is required., products.0.productInfo.category: Path `productInfo.category` is required., products.0.productInfo.image: Path `productInfo.image` is required., products.0.productInfo.name: Path `productInfo.name` is required., products.1.productInfo.brand: Path `productInfo.brand` is required., products.1.productInfo.category: Path `productInfo.category` is required., products.1.productInfo.image: Path `productInfo.image` is required., products.1.productInfo.name: Path `productInfo.name` is required., products.2.productInfo.brand: Path `productInfo.brand` is required., products.2.productInfo.category: Path `productInfo.category` is required., products.2.productInfo.image: Path `productInfo.image` is required., products.2.productInfo.name: Path `productInfo.name` is required., products.3.productInfo.brand: Path `productInfo.brand` is required., products.3.productInfo.category: Path `productInfo.category` is required., products.3.productInfo.image: Path `productInfo.image` is required., products.3.productInfo.name: Path `productInfo.name` is required., products.4.productInfo.brand: Path `productInfo.brand` is required., products.4.productInfo.category: Path `productInfo.category` is required., products.4.productInfo.image: Path `productInfo.image` is required., products.4.productInfo.name: Path `productInfo.name` is required.
error: 2023-12-07T05:03:24.477Z orders validation failed: products.0.productInfo.brand: Path `productInfo.brand` is required., products.0.productInfo.category: Path `productInfo.category` is required., products.0.productInfo.image: Path `productInfo.image` is required., products.0.productInfo.name: Path `productInfo.name` is required., products.1.productInfo.brand: Path `productInfo.brand` is required., products.1.productInfo.category: Path `productInfo.category` is required., products.1.productInfo.image: Path `productInfo.image` is required., products.1.productInfo.name: Path `productInfo.name` is required., products.2.productInfo.brand: Path `productInfo.brand` is required., products.2.productInfo.category: Path `productInfo.category` is required., products.2.productInfo.image: Path `productInfo.image` is required., products.2.productInfo.name: Path `productInfo.name` is required., products.3.productInfo.brand: Path `productInfo.brand` is required., products.3.productInfo.category: Path `productInfo.category` is required., products.3.productInfo.image: Path `productInfo.image` is required., products.3.productInfo.name: Path `productInfo.name` is required., products.4.productInfo.brand: Path `productInfo.brand` is required., products.4.productInfo.category: Path `productInfo.category` is required., products.4.productInfo.image: Path `productInfo.image` is required., products.4.productInfo.name: Path `productInfo.name` is required.
error: 2023-12-07T05:13:44.653Z Cannot read properties of undefined (reading 'totalSales')
error: 2023-12-07T05:28:19.991Z Cannot read properties of undefined (reading 'totalSales')
error: 2023-12-07T06:16:31.654Z Unexpected token u in JSON at position 0
error: 2023-12-07T06:18:30.238Z Unexpected token u in JSON at position 0
error: 2023-12-07T06:21:56.806Z Unexpected token u in JSON at position 0
error: 2023-12-07T06:38:34.563Z productData is not defined
error: 2023-12-07T06:51:41.269Z Unexpected token s in JSON at position 0
error: 2023-12-07T07:13:11.666Z Cannot read properties of undefined (reading 'tokenData')
error: 2023-12-07T07:13:19.276Z Cannot read properties of undefined (reading 'tokenData')
error: 2023-12-07T07:13:22.595Z Cannot read properties of undefined (reading 'tokenData')
error: 2023-12-07T07:13:23.325Z Cannot read properties of undefined (reading 'tokenData')
error: 2023-12-07T07:14:14.254Z Cannot read properties of undefined (reading 'tokenData')
error: 2023-12-07T07:14:22.114Z Cannot read properties of undefined (reading 'tokenData')
error: 2023-12-07T07:14:26.325Z Cannot read properties of undefined (reading 'tokenData')
error: 2023-12-07T07:14:26.949Z Cannot read properties of undefined (reading 'tokenData')
error: 2023-12-07T07:15:19.329Z Cannot read properties of undefined (reading 'tokenData')
error: 2023-12-07T07:15:27.556Z Cannot read properties of undefined (reading 'tokenData')
error: 2023-12-07T07:15:30.549Z Cannot read properties of undefined (reading 'tokenData')
error: 2023-12-07T07:15:30.715Z Cannot read properties of undefined (reading 'tokenData')
error: 2023-12-07T07:16:23.835Z Cannot read properties of null (reading 'products')
error: 2023-12-07T07:16:35.052Z Cannot read properties of undefined (reading 'tokenData')
error: 2023-12-07T07:16:44.649Z Cannot read properties of undefined (reading 'tokenData')
error: 2023-12-07T07:16:47.170Z Cannot read properties of undefined (reading 'tokenData')
error: 2023-12-07T07:16:47.665Z Cannot read properties of undefined (reading 'tokenData')
error: 2023-12-07T07:19:00.880Z Cannot read properties of null (reading 'products')
error: 2023-12-07T07:19:13.010Z Cannot read properties of undefined (reading 'tokenData')
error: 2023-12-07T07:19:21.548Z Cannot read properties of undefined (reading 'tokenData')
error: 2023-12-07T07:19:24.476Z Cannot read properties of undefined (reading 'tokenData')
error: 2023-12-07T07:19:24.696Z Cannot read properties of undefined (reading 'tokenData')
error: 2023-12-07T07:24:57.344Z Cannot read properties of undefined (reading 'tokenData')
error: 2023-12-07T07:25:06.896Z Cannot read properties of undefined (reading 'tokenData')
error: 2023-12-07T07:25:11.237Z Cannot read properties of undefined (reading 'tokenData')
error: 2023-12-07T07:25:11.394Z Cannot read properties of undefined (reading 'tokenData')
error: 2023-12-07T08:12:45.653Z Cannot read properties of null (reading 'products')
error: 2023-12-07T08:17:41.983Z Cannot read properties of null (reading 'products')
error: 2023-12-07T09:26:35.808Z 404
error: 2023-12-07T09:26:51.908Z Cannot read properties of undefined (reading 'totalSales')
error: 2023-12-07T09:27:47.786Z Cannot read properties of undefined (reading 'totalSales')
error: 2023-12-07T09:43:19.785Z Cannot read properties of null (reading 'products')
error: 2023-12-07T09:45:55.942Z CARLA HOODED CHECKS SHIRT is out of stock
error: 2023-12-08T14:05:13.177Z orders validation failed: address.area: Cast to string failed for value "[ 'area' ]" (type Array) at path "area"
error: 2023-12-08T14:05:22.749Z Cast to embedded failed for value "{
  firstname: 'vivek',
  lastname: 'dhiman',
  apartment: 'dhiman niwas 407/a , central town , street 8 , basant city , ludhiana',
  area: [ 'area' ],
  landmark: 'area',
  pincode: 142022,
  town_city: 'ludhiana',
  state: 'punjab',
  mobile: 6283415102,
  _id: '65408974d8a482266f2b2c26'
}" (type Object) at path "info.address" because of "CastError"
error: 2023-12-08T16:17:39.207Z Cannot read properties of undefined (reading 'totalSales')
error: 2023-12-08T16:25:04.775Z CARLA HOODED CHECKS SHIRT is out of stock
error: 2023-12-08T16:42:59.935Z CARLA HOODED CHECKS SHIRT is out of stock
error: 2023-12-08T16:43:31.836Z CARLA HOODED CHECKS SHIRT is out of stock
error: 2023-12-08T16:50:53.073Z CARLA HOODED CHECKS SHIRT is out of stock
error: 2023-12-08T16:51:25.246Z Cannot read properties of undefined (reading 'object')
error: 2023-12-08T16:52:10.280Z Cannot read properties of undefined (reading 'object')
error: 2023-12-08T16:59:04.243Z Cannot read properties of undefined (reading 'object')
error: 2023-12-08T17:00:11.975Z Cannot read properties of undefined (reading 'object')
error: 2023-12-08T17:02:09.105Z Cannot read properties of undefined (reading 'object')
error: 2023-12-08T17:03:32.864Z Cannot read properties of undefined (reading 'object')
error: 2023-12-08T17:12:44.489Z Cannot read properties of undefined (reading 'object')
error: 2023-12-08T17:12:53.790Z Cannot read properties of undefined (reading 'object')
error: 2023-12-08T17:17:33.257Z Cannot read properties of undefined (reading 'object')
error: 2023-12-08T17:18:35.837Z Cannot read properties of undefined (reading 'object')
error: 2023-12-08T17:21:42.771Z Cannot read properties of undefined (reading 'object')
error: 2023-12-08T17:21:42.793Z Cannot read properties of undefined (reading 'object')
error: 2023-12-08T17:29:09.320Z Cannot read properties of undefined (reading 'totalSales')
error: 2023-12-08T17:30:35.585Z Cannot read properties of undefined (reading 'totalSales')
error: 2023-12-08T18:50:54.182Z CARLA HOODED CHECKS SHIRT is out of stock
error: 2023-12-08T18:51:03.056Z CARLA HOODED CHECKS SHIRT is out of stock
error: 2023-12-09T04:17:43.334Z Cannot read properties of undefined (reading 'totalSales')
error: 2023-12-09T04:19:05.776Z Cast to embedded failed for value "{
  firstname: 'Abhishek',
  lastname: 'Gupta',
  apartment: 'dhiman niwas 407/1 ,central town , street number 8',
  city: [ 'Dad' ],
  area: 'Ludhiana',
  state: 'Punjab',
  pincode: '142022',
  country: 'IN'
}" (type Object) at path "info.address" because of "CastError"
error: 2023-12-08T12:48:40.541Z orders validation failed: address.state: Path `state` is required., address.pincode: true, address.area: Path `area` is required., address.apartment: Path `apartment` is required., address.firstname: Path `firstname` is required.
error: 2023-12-08T12:49:43.615Z orders validation failed: address.state: Path `state` is required., address.pincode: true, address.area: Path `area` is required., address.apartment: Path `apartment` is required., address.firstname: Path `firstname` is required.
error: 2023-12-08T13:16:02.690Z discountAmount is not defined
error: 2023-12-08T13:21:49.832Z You cannot add more than 3 addresses
error: 2023-12-08T13:30:15.091Z users validation failed: info.address.0.area: Cast to string failed for value "[ 'Basti Jodhewal' ]" (type Array) at path "area", info.address.1.area: Cast to string failed for value "[ 'dugri' ]" (type Array) at path "area"
error: 2023-12-08T17:26:53.887Z User already exists! Try to login.
error: 2023-12-08T19:27:34.305Z You cannot add more than 3 addresses
error: 2023-12-08T19:33:46.984Z CARLA HOODED CHECKS SHIRT is out of stock
error: 2023-12-08T19:39:08.650Z Argument passed in must be a string of 12 bytes or a string of 24 hex characters or an integer
error: 2023-12-08T19:40:09.568Z Argument passed in must be a string of 12 bytes or a string of 24 hex characters or an integer
error: 2023-12-08T19:40:35.947Z Argument passed in must be a string of 12 bytes or a string of 24 hex characters or an integer
error: 2023-12-08T20:41:47.429Z orders validation failed: OrderSummary.: Cast to Number failed for value "NaN" (type number) at path "OrderSummary.Total", OrderSummary.Total: Cast to Number failed for value "NaN" (type number) at path "OrderSummary.Total"
error: 2023-12-08T20:42:10.580Z orders validation failed: OrderSummary.: Cast to Number failed for value "NaN" (type number) at path "OrderSummary.Total", OrderSummary.Total: Cast to Number failed for value "NaN" (type number) at path "OrderSummary.Total"
error: 2023-12-08T20:42:40.619Z orders validation failed: OrderSummary.: Cast to Number failed for value "NaN" (type number) at path "OrderSummary.Total", OrderSummary.Total: Cast to Number failed for value "NaN" (type number) at path "OrderSummary.Total"
error: 2023-12-09T00:59:10.133Z Cannot read properties of undefined (reading 'totalSales')
error: 2023-12-09T01:00:12.427Z Cannot read properties of undefined (reading 'totalSales')
error: 2023-12-09T01:00:21.973Z Cannot read properties of undefined (reading 'totalSales')
error: 2023-12-09T11:11:34.663Z orders validation failed: address.area: Cast to string failed for value "[ 'area' ]" (type Array) at path "area"
error: 2023-12-09T11:11:41.268Z orders validation failed: address.area: Cast to string failed for value "[ 'area' ]" (type Array) at path "area"
error: 2023-12-09T11:12:06.566Z orders validation failed: address.area: Cast to string failed for value "[ 'area' ]" (type Array) at path "area"
error: 2023-12-09T11:14:03.346Z orders validation failed: address.area: Cast to string failed for value "[ 'area' ]" (type Array) at path "area"
error: 2023-12-09T15:27:35.941Z Cast to embedded failed for value "{
  firstname: 'VIVEK',
  lastname: 'DHIMAN',
  apartment: 'dhiman niwas 407/1 ,central town , street number 8',
  city: [ 'Pamal' ],
  area: 'Ludhiana',
  state: 'Punjab',
  pincode: '142021',
  country: 'IN'
}" (type Object) at path "info.address" because of "CastError"
error: 2023-12-09T15:28:08.464Z 404
error: 2023-12-09T15:29:36.865Z 404
error: 2023-12-09T15:30:48.536Z 404
error: 2023-12-09T15:30:49.590Z 404
error: 2023-12-09T15:30:51.209Z 404
error: 2023-12-09T15:31:11.206Z 404
error: 2023-12-10T05:30:03.411Z Please login/signup.
error: 2023-12-10T05:30:03.411Z Please login/signup.
error: 2023-12-10T05:35:49.105Z Please login/signup.
error: 2023-12-10T05:35:49.105Z Please login/signup.
error: 2023-12-10T05:39:40.143Z Please login/signup.
error: 2023-12-10T05:39:40.143Z Please login/signup.
error: 2023-12-10T06:52:24.876Z You are not eligible for this route
error: 2023-12-10T06:54:47.768Z You are not eligible for this route
error: 2023-12-10T06:57:59.771Z You are not eligible for this route
error: 2023-12-10T07:03:45.983Z Please login/signup.
error: 2023-12-10T07:03:45.983Z Please login/signup.
error: 2023-12-10T07:37:42.316Z You are not eligible for this route
error: 2023-12-10T10:19:05.561Z Please login/signup.
error: 2023-12-10T10:19:05.561Z Please login/signup.
error: 2023-12-10T10:20:41.186Z Please login/signup.
error: 2023-12-10T10:20:41.186Z Please login/signup.
error: 2023-12-10T10:20:41.310Z Please login/signup.
error: 2023-12-10T10:20:41.310Z Please login/signup.
error: 2023-12-10T10:20:48.314Z Please login/signup.
error: 2023-12-10T10:20:48.314Z Please login/signup.
error: 2023-12-10T10:20:48.786Z Please login/signup.
error: 2023-12-10T10:20:48.786Z Please login/signup.
error: 2023-12-10T10:22:09.635Z Please login/signup.
error: 2023-12-10T10:22:09.635Z Please login/signup.
error: 2023-12-10T10:22:10.086Z Please login/signup.
error: 2023-12-10T10:22:10.086Z Please login/signup.
error: 2023-12-10T10:22:14.070Z Please login/signup.
error: 2023-12-10T10:22:14.070Z Please login/signup.
error: 2023-12-10T10:22:22.638Z Please login/signup.
error: 2023-12-10T10:22:22.638Z Please login/signup.
error: 2023-12-10T10:22:22.860Z Please login/signup.
error: 2023-12-10T10:22:22.860Z Please login/signup.
error: 2023-12-10T10:22:26.178Z Please login/signup.
error: 2023-12-10T10:22:26.178Z Please login/signup.
error: 2023-12-10T10:22:28.645Z Please login/signup.
error: 2023-12-10T10:22:28.645Z Please login/signup.
error: 2023-12-10T10:22:28.960Z Please login/signup.
error: 2023-12-10T10:22:28.960Z Please login/signup.
error: 2023-12-10T10:22:44.305Z Please login/signup.
error: 2023-12-10T10:22:44.305Z Please login/signup.
error: 2023-12-10T10:22:44.389Z Please login/signup.
error: 2023-12-10T10:22:44.389Z Please login/signup.
error: 2023-12-10T10:23:11.030Z Please login/signup.
error: 2023-12-10T10:23:11.030Z Please login/signup.
error: 2023-12-10T10:25:13.447Z Please login/signup.
error: 2023-12-10T10:25:13.447Z Please login/signup.
error: 2023-12-10T10:25:14.173Z Please login/signup.
error: 2023-12-10T10:25:14.173Z Please login/signup.
error: 2023-12-10T10:25:35.192Z Please login/signup.
error: 2023-12-10T10:25:35.192Z Please login/signup.
error: 2023-12-10T10:27:14.743Z You are not eligible for this route
error: 2023-12-10T10:27:28.426Z You are not eligible for this route
error: 2023-12-10T10:27:37.402Z You are not eligible for this route
error: 2023-12-10T10:28:14.435Z You are not eligible for this route
error: 2023-12-10T10:29:31.532Z Please login/signup.
error: 2023-12-10T10:29:31.532Z Please login/signup.
error: 2023-12-10T10:29:45.806Z Cannot read properties of undefined (reading 'role')
error: 2023-12-10T10:30:46.291Z Please login/signup.
error: 2023-12-10T10:30:46.291Z Please login/signup.
error: 2023-12-10T10:30:46.591Z Please login/signup.
error: 2023-12-10T10:30:46.591Z Please login/signup.
error: 2023-12-10T10:31:33.261Z Please login/signup.
error: 2023-12-10T10:31:33.261Z Please login/signup.
error: 2023-12-10T10:31:33.587Z Please login/signup.
error: 2023-12-10T10:31:33.587Z Please login/signup.
error: 2023-12-10T10:31:37.729Z Cannot read properties of undefined (reading 'role')
error: 2023-12-10T10:32:05.183Z You are not eligible for this route
error: 2023-12-10T10:32:13.962Z You are not eligible for this route
error: 2023-12-10T10:34:23.379Z Please login/signup.
error: 2023-12-10T10:34:23.379Z Please login/signup.
error: 2023-12-10T10:34:54.718Z Please login/signup.
error: 2023-12-10T10:34:54.718Z Please login/signup.
error: 2023-12-10T10:45:15.940Z Please login/signup.
error: 2023-12-10T10:45:15.940Z Please login/signup.
error: 2023-12-10T10:45:41.175Z Please login/signup.
error: 2023-12-10T10:45:41.175Z Please login/signup.
error: 2023-12-10T10:45:41.479Z Please login/signup.
error: 2023-12-10T10:45:41.479Z Please login/signup.
error: 2023-12-10T10:45:50.898Z Please login/signup.
error: 2023-12-10T10:45:50.898Z Please login/signup.
error: 2023-12-10T10:45:51.006Z Please login/signup.
error: 2023-12-10T10:45:51.006Z Please login/signup.
error: 2023-12-10T10:45:54.462Z Please login/signup.
error: 2023-12-10T10:45:54.462Z Please login/signup.
error: 2023-12-10T10:45:54.611Z Please login/signup.
error: 2023-12-10T10:45:54.611Z Please login/signup.
error: 2023-12-10T10:46:09.474Z Please login/signup.
error: 2023-12-10T10:46:09.474Z Please login/signup.
error: 2023-12-10T10:46:09.739Z Please login/signup.
error: 2023-12-10T10:46:09.739Z Please login/signup.
error: 2023-12-10T10:46:12.511Z Please login/signup.
error: 2023-12-10T10:46:12.511Z Please login/signup.
error: 2023-12-10T10:46:12.805Z Please login/signup.
error: 2023-12-10T10:46:12.805Z Please login/signup.
error: 2023-12-10T10:49:32.680Z Please login/signup.
error: 2023-12-10T10:49:32.680Z Please login/signup.
error: 2023-12-10T10:50:08.419Z Please login/signup.
error: 2023-12-10T10:50:08.419Z Please login/signup.
error: 2023-12-10T10:50:43.901Z Please login/signup.
error: 2023-12-10T10:50:43.901Z Please login/signup.
error: 2023-12-10T10:50:48.593Z Please login/signup.
error: 2023-12-10T10:50:48.593Z Please login/signup.
error: 2023-12-10T10:51:05.350Z Please login/signup.
error: 2023-12-10T10:51:05.350Z Please login/signup.
error: 2023-12-10T10:51:47.613Z Please login/signup.
error: 2023-12-10T10:51:47.613Z Please login/signup.
error: 2023-12-10T10:51:53.142Z Please login/signup.
error: 2023-12-10T10:51:53.142Z Please login/signup.
error: 2023-12-10T10:51:57.040Z Please login/signup.
error: 2023-12-10T10:51:57.040Z Please login/signup.
error: 2023-12-10T10:54:07.934Z Please login/signup.
error: 2023-12-10T10:54:07.934Z Please login/signup.
error: 2023-12-10T10:54:22.351Z Please login/signup.
error: 2023-12-10T10:54:22.351Z Please login/signup.
error: 2023-12-10T10:55:12.802Z Please login/signup.
error: 2023-12-10T10:55:12.802Z Please login/signup.
error: 2023-12-10T10:55:30.416Z Please login/signup.
error: 2023-12-10T10:55:30.416Z Please login/signup.
error: 2023-12-10T10:58:44.582Z Please login/signup.
error: 2023-12-10T10:58:44.582Z Please login/signup.
error: 2023-12-10T10:58:46.464Z Please login/signup.
error: 2023-12-10T10:58:46.464Z Please login/signup.
error: 2023-12-10T10:59:16.807Z Please login/signup.
error: 2023-12-10T10:59:16.807Z Please login/signup.
error: 2023-12-10T11:00:22.800Z Please login/signup.
error: 2023-12-10T11:00:22.800Z Please login/signup.
error: 2023-12-10T11:00:27.558Z Please login/signup.
error: 2023-12-10T11:00:27.558Z Please login/signup.
error: 2023-12-10T11:01:32.066Z Please login/signup.
error: 2023-12-10T11:01:32.066Z Please login/signup.
error: 2023-12-10T11:01:41.730Z Please login/signup.
error: 2023-12-10T11:01:41.730Z Please login/signup.
error: 2023-12-10T11:01:51.920Z Please login/signup.
error: 2023-12-10T11:01:51.920Z Please login/signup.
error: 2023-12-10T11:02:07.275Z Please login/signup.
error: 2023-12-10T11:02:07.275Z Please login/signup.
error: 2023-12-10T11:02:41.337Z Please login/signup.
error: 2023-12-10T11:02:41.337Z Please login/signup.
error: 2023-12-10T11:04:21.466Z Please login/signup.
error: 2023-12-10T11:04:21.466Z Please login/signup.
error: 2023-12-10T11:04:25.753Z Please login/signup.
error: 2023-12-10T11:04:25.753Z Please login/signup.
error: 2023-12-10T11:06:32.557Z Please login/signup.
error: 2023-12-10T11:06:32.557Z Please login/signup.
error: 2023-12-10T11:06:38.586Z Please login/signup.
error: 2023-12-10T11:06:38.586Z Please login/signup.
error: 2023-12-10T11:06:52.862Z Please login/signup.
error: 2023-12-10T11:06:52.862Z Please login/signup.
error: 2023-12-10T11:07:04.245Z Please login/signup.
error: 2023-12-10T11:07:04.245Z Please login/signup.
error: 2023-12-10T11:07:17.377Z Please login/signup.
error: 2023-12-10T11:07:17.377Z Please login/signup.
error: 2023-12-10T11:09:48.066Z Please login/signup.
error: 2023-12-10T11:09:48.066Z Please login/signup.
error: 2023-12-10T11:09:55.201Z Please login/signup.
error: 2023-12-10T11:09:55.201Z Please login/signup.
error: 2023-12-10T11:10:25.286Z Please login/signup.
error: 2023-12-10T11:10:25.286Z Please login/signup.
error: 2023-12-10T11:10:44.949Z Please login/signup.
error: 2023-12-10T11:10:44.949Z Please login/signup.
error: 2023-12-10T11:10:53.649Z Please login/signup.
error: 2023-12-10T11:10:53.649Z Please login/signup.
error: 2023-12-10T11:11:00.606Z Please login/signup.
error: 2023-12-10T11:11:00.606Z Please login/signup.
error: 2023-12-10T11:11:38.994Z Please login/signup.
error: 2023-12-10T11:11:38.994Z Please login/signup.
error: 2023-12-10T11:12:37.918Z Please login/signup.
error: 2023-12-10T11:12:37.918Z Please login/signup.
error: 2023-12-10T11:12:38.240Z Please login/signup.
error: 2023-12-10T11:12:38.240Z Please login/signup.
error: 2023-12-10T11:12:41.168Z Please login/signup.
error: 2023-12-10T11:12:41.168Z Please login/signup.
error: 2023-12-10T11:12:41.251Z Please login/signup.
error: 2023-12-10T11:12:41.251Z Please login/signup.
error: 2023-12-10T11:14:53.451Z Please login/signup.
error: 2023-12-10T11:14:53.451Z Please login/signup.
error: 2023-12-10T11:14:53.927Z Please login/signup.
error: 2023-12-10T11:14:53.927Z Please login/signup.
error: 2023-12-10T11:14:54.404Z Please login/signup.
error: 2023-12-10T11:14:54.404Z Please login/signup.
error: 2023-12-10T11:15:02.490Z Please login/signup.
error: 2023-12-10T11:15:02.490Z Please login/signup.
error: 2023-12-10T11:15:02.618Z Please login/signup.
error: 2023-12-10T11:15:02.618Z Please login/signup.
error: 2023-12-10T11:15:03.351Z Please login/signup.
error: 2023-12-10T11:15:03.351Z Please login/signup.
error: 2023-12-10T11:15:53.736Z Please login/signup.
error: 2023-12-10T11:15:53.736Z Please login/signup.
error: 2023-12-10T11:16:00.652Z Please login/signup.
error: 2023-12-10T11:16:00.652Z Please login/signup.
error: 2023-12-10T11:16:03.568Z Please login/signup.
error: 2023-12-10T11:16:03.568Z Please login/signup.
error: 2023-12-10T11:17:22.856Z Please login/signup.
error: 2023-12-10T11:17:22.856Z Please login/signup.
error: 2023-12-10T11:17:31.253Z Please login/signup.
error: 2023-12-10T11:17:31.253Z Please login/signup.
error: 2023-12-10T11:17:31.643Z Please login/signup.
error: 2023-12-10T11:17:31.643Z Please login/signup.
error: 2023-12-10T11:17:32.550Z Please login/signup.
error: 2023-12-10T11:17:32.550Z Please login/signup.
error: 2023-12-10T11:17:54.196Z Please login/signup.
error: 2023-12-10T11:17:54.196Z Please login/signup.
error: 2023-12-10T11:17:54.301Z Please login/signup.
error: 2023-12-10T11:17:54.301Z Please login/signup.
error: 2023-12-10T11:17:55.795Z Please login/signup.
error: 2023-12-10T11:17:55.795Z Please login/signup.
error: 2023-12-10T11:18:03.019Z Please login/signup.
error: 2023-12-10T11:18:03.019Z Please login/signup.
error: 2023-12-10T11:18:03.585Z Please login/signup.
error: 2023-12-10T11:18:03.585Z Please login/signup.
error: 2023-12-10T11:18:03.893Z Please login/signup.
error: 2023-12-10T11:18:03.893Z Please login/signup.
error: 2023-12-10T11:18:08.161Z Please login/signup.
error: 2023-12-10T11:18:08.161Z Please login/signup.
error: 2023-12-10T11:18:08.364Z Please login/signup.
error: 2023-12-10T11:18:08.364Z Please login/signup.
error: 2023-12-10T11:18:09.639Z Please login/signup.
error: 2023-12-10T11:18:09.639Z Please login/signup.
error: 2023-12-10T11:18:37.221Z Please login/signup.
error: 2023-12-10T11:18:37.221Z Please login/signup.
error: 2023-12-10T11:18:37.467Z Please login/signup.
error: 2023-12-10T11:18:37.467Z Please login/signup.
error: 2023-12-10T11:18:38.433Z Please login/signup.
error: 2023-12-10T11:18:38.433Z Please login/signup.
error: 2023-12-10T11:19:20.554Z Please login/signup.
error: 2023-12-10T11:19:20.554Z Please login/signup.
error: 2023-12-10T11:19:20.839Z Please login/signup.
error: 2023-12-10T11:19:20.839Z Please login/signup.
error: 2023-12-10T11:19:22.390Z Please login/signup.
error: 2023-12-10T11:19:22.390Z Please login/signup.
error: 2023-12-10T11:19:36.349Z Please login/signup.
error: 2023-12-10T11:19:36.349Z Please login/signup.
error: 2023-12-10T11:19:36.641Z Please login/signup.
error: 2023-12-10T11:19:36.641Z Please login/signup.
error: 2023-12-10T11:19:37.547Z Please login/signup.
error: 2023-12-10T11:19:37.547Z Please login/signup.
error: 2023-12-10T11:19:42.228Z Please login/signup.
error: 2023-12-10T11:19:42.228Z Please login/signup.
error: 2023-12-10T11:19:42.279Z Please login/signup.
error: 2023-12-10T11:19:42.279Z Please login/signup.
error: 2023-12-10T11:19:43.592Z Please login/signup.
error: 2023-12-10T11:19:43.592Z Please login/signup.
error: 2023-12-10T13:11:30.902Z 404
error: 2023-12-10T13:11:31.833Z 404
error: 2023-12-10T13:11:32.873Z 404
error: 2023-12-10T15:31:25.326Z Please login/signup.
error: 2023-12-10T15:31:25.326Z Please login/signup.
error: 2023-12-10T17:20:17.194Z 404
error: 2023-12-10T17:20:18.896Z 404
error: 2023-12-10T17:20:19.694Z 404
